{"/Users/dikshayadav/Code/instacard-sdk/app/_layout.tsx": {"path":"/Users/dikshayadav/Code/instacard-sdk/app/_layout.tsx","statementMap":{"0":{"start":{"line":14,"column":33},"end":{"line":16,"column":1}},"1":{"start":{"line":19,"column":22},"end":{"line":19,"column":38}},"2":{"start":{"line":20,"column":24},"end":{"line":26,"column":4}},"3":{"start":{"line":28,"column":2},"end":{"line":30,"column":3}},"4":{"start":{"line":29,"column":4},"end":{"line":29,"column":29}},"5":{"start":{"line":32,"column":2},"end":{"line":91,"column":4}}},"fnMap":{"0":{"name":"RootLayout","decl":{"start":{"line":18,"column":24},"end":{"line":18,"column":34}},"loc":{"start":{"line":18,"column":37},"end":{"line":92,"column":1}},"line":18}},"branchMap":{"0":{"loc":{"start":{"line":28,"column":2},"end":{"line":30,"column":3}},"type":"if","locations":[{"start":{"line":28,"column":2},"end":{"line":30,"column":3}},{"start":{},"end":{}}],"line":28},"1":{"loc":{"start":{"line":36,"column":32},"end":{"line":36,"column":81}},"type":"cond-expr","locations":[{"start":{"line":36,"column":57},"end":{"line":36,"column":66}},{"start":{"line":36,"column":69},"end":{"line":36,"column":81}}],"line":36}},"s":{"0":0,"1":0,"2":0,"3":0,"4":0,"5":0},"f":{"0":0},"b":{"0":[0,0],"1":[0,0]}}
,"/Users/dikshayadav/Code/instacard-sdk/app/add-instacard-debit.tsx": {"path":"/Users/dikshayadav/Code/instacard-sdk/app/add-instacard-debit.tsx","statementMap":{"0":{"start":{"line":9,"column":24},"end":{"line":9,"column":75}},"1":{"start":{"line":11,"column":14},"end":{"line":17,"column":10}},"2":{"start":{"line":20,"column":17},"end":{"line":20,"column":28}},"3":{"start":{"line":21,"column":48},"end":{"line":21,"column":76}},"4":{"start":{"line":22,"column":44},"end":{"line":22,"column":59}},"5":{"start":{"line":24,"column":2},"end":{"line":114,"column":4}},"6":{"start":{"line":50,"column":33},"end":{"line":50,"column":59}},"7":{"start":{"line":51,"column":14},"end":{"line":66,"column":16}},"8":{"start":{"line":56,"column":33},"end":{"line":56,"column":59}},"9":{"start":{"line":76,"column":16},"end":{"line":78,"column":23}},"10":{"start":{"line":84,"column":29},"end":{"line":84,"column":62}},"11":{"start":{"line":84,"column":56},"end":{"line":84,"column":61}},"12":{"start":{"line":104,"column":27},"end":{"line":104,"column":60}},"13":{"start":{"line":117,"column":15},"end":{"line":234,"column":2}}},"fnMap":{"0":{"name":"AddInstacardDebitScreen","decl":{"start":{"line":19,"column":24},"end":{"line":19,"column":47}},"loc":{"start":{"line":19,"column":50},"end":{"line":115,"column":1}},"line":19},"1":{"name":"(anonymous_1)","decl":{"start":{"line":28,"column":23},"end":{"line":28,"column":24}},"loc":{"start":{"line":28,"column":29},"end":{"line":30,"column":9}},"line":28},"2":{"name":"(anonymous_2)","decl":{"start":{"line":31,"column":21},"end":{"line":31,"column":22}},"loc":{"start":{"line":31,"column":27},"end":{"line":33,"column":9}},"line":31},"3":{"name":"(anonymous_3)","decl":{"start":{"line":34,"column":23},"end":{"line":34,"column":24}},"loc":{"start":{"line":34,"column":29},"end":{"line":36,"column":9}},"line":34},"4":{"name":"(anonymous_4)","decl":{"start":{"line":49,"column":33},"end":{"line":49,"column":34}},"loc":{"start":{"line":49,"column":45},"end":{"line":67,"column":13}},"line":49},"5":{"name":"(anonymous_5)","decl":{"start":{"line":56,"column":27},"end":{"line":56,"column":28}},"loc":{"start":{"line":56,"column":33},"end":{"line":56,"column":59}},"line":56},"6":{"name":"(anonymous_6)","decl":{"start":{"line":75,"column":25},"end":{"line":75,"column":26}},"loc":{"start":{"line":76,"column":16},"end":{"line":78,"column":23}},"line":76},"7":{"name":"(anonymous_7)","decl":{"start":{"line":84,"column":23},"end":{"line":84,"column":24}},"loc":{"start":{"line":84,"column":29},"end":{"line":84,"column":62}},"line":84},"8":{"name":"(anonymous_8)","decl":{"start":{"line":84,"column":46},"end":{"line":84,"column":47}},"loc":{"start":{"line":84,"column":56},"end":{"line":84,"column":61}},"line":84},"9":{"name":"(anonymous_9)","decl":{"start":{"line":104,"column":21},"end":{"line":104,"column":22}},"loc":{"start":{"line":104,"column":27},"end":{"line":104,"column":60}},"line":104}},"branchMap":{"0":{"loc":{"start":{"line":54,"column":45},"end":{"line":54,"column":84}},"type":"binary-expr","locations":[{"start":{"line":54,"column":45},"end":{"line":54,"column":55}},{"start":{"line":54,"column":59},"end":{"line":54,"column":84}}],"line":54},"1":{"loc":{"start":{"line":62,"column":51},"end":{"line":62,"column":90}},"type":"binary-expr","locations":[{"start":{"line":62,"column":51},"end":{"line":62,"column":61}},{"start":{"line":62,"column":65},"end":{"line":62,"column":90}}],"line":62},"2":{"loc":{"start":{"line":63,"column":21},"end":{"line":63,"column":75}},"type":"cond-expr","locations":[{"start":{"line":63,"column":34},"end":{"line":63,"column":68}},{"start":{"line":63,"column":71},"end":{"line":63,"column":75}}],"line":63},"3":{"loc":{"start":{"line":89,"column":45},"end":{"line":89,"column":84}},"type":"binary-expr","locations":[{"start":{"line":89,"column":45},"end":{"line":89,"column":58}},{"start":{"line":89,"column":62},"end":{"line":89,"column":84}}],"line":89},"4":{"loc":{"start":{"line":90,"column":17},"end":{"line":90,"column":77}},"type":"cond-expr","locations":[{"start":{"line":90,"column":33},"end":{"line":90,"column":70}},{"start":{"line":90,"column":73},"end":{"line":90,"column":77}}],"line":90},"5":{"loc":{"start":{"line":101,"column":42},"end":{"line":101,"column":88}},"type":"binary-expr","locations":[{"start":{"line":101,"column":42},"end":{"line":101,"column":56}},{"start":{"line":101,"column":60},"end":{"line":101,"column":88}}],"line":101}},"s":{"0":0,"1":0,"2":0,"3":0,"4":0,"5":0,"6":0,"7":0,"8":0,"9":0,"10":0,"11":0,"12":0,"13":0},"f":{"0":0,"1":0,"2":0,"3":0,"4":0,"5":0,"6":0,"7":0,"8":0,"9":0},"b":{"0":[0,0],"1":[0,0],"2":[0,0],"3":[0,0],"4":[0,0],"5":[0,0]}}
,"/Users/dikshayadav/Code/instacard-sdk/app/add-instacard-otp.tsx": {"path":"/Users/dikshayadav/Code/instacard-sdk/app/add-instacard-otp.tsx","statementMap":{"0":{"start":{"line":8,"column":24},"end":{"line":8,"column":25}},"1":{"start":{"line":10,"column":17},"end":{"line":15,"column":10}},"2":{"start":{"line":18,"column":26},"end":{"line":18,"column":38}},"3":{"start":{"line":20,"column":21},"end":{"line":22,"column":12}},"4":{"start":{"line":21,"column":4},"end":{"line":21,"column":84}},"5":{"start":{"line":21,"column":65},"end":{"line":21,"column":82}},"6":{"start":{"line":24,"column":25},"end":{"line":38,"column":3}},"7":{"start":{"line":25,"column":4},"end":{"line":28,"column":5}},"8":{"start":{"line":26,"column":6},"end":{"line":26,"column":43}},"9":{"start":{"line":26,"column":24},"end":{"line":26,"column":41}},"10":{"start":{"line":27,"column":6},"end":{"line":27,"column":13}},"11":{"start":{"line":29,"column":4},"end":{"line":31,"column":5}},"12":{"start":{"line":30,"column":6},"end":{"line":30,"column":13}},"13":{"start":{"line":32,"column":4},"end":{"line":37,"column":7}},"14":{"start":{"line":33,"column":6},"end":{"line":35,"column":7}},"15":{"start":{"line":34,"column":8},"end":{"line":34,"column":20}},"16":{"start":{"line":36,"column":6},"end":{"line":36,"column":29}},"17":{"start":{"line":40,"column":2},"end":{"line":126,"column":4}},"18":{"start":{"line":72,"column":14},"end":{"line":74,"column":21}},"19":{"start":{"line":103,"column":12},"end":{"line":121,"column":19}},"20":{"start":{"line":105,"column":16},"end":{"line":107,"column":17}},"21":{"start":{"line":106,"column":18},"end":{"line":106,"column":85}},"22":{"start":{"line":108,"column":16},"end":{"line":119,"column":18}},"23":{"start":{"line":113,"column":35},"end":{"line":113,"column":54}},"24":{"start":{"line":129,"column":15},"end":{"line":230,"column":2}}},"fnMap":{"0":{"name":"AddInstacardOtpScreen","decl":{"start":{"line":17,"column":24},"end":{"line":17,"column":45}},"loc":{"start":{"line":17,"column":48},"end":{"line":127,"column":1}},"line":17},"1":{"name":"(anonymous_1)","decl":{"start":{"line":20,"column":29},"end":{"line":20,"column":30}},"loc":{"start":{"line":20,"column":35},"end":{"line":22,"column":3}},"line":20},"2":{"name":"(anonymous_2)","decl":{"start":{"line":21,"column":51},"end":{"line":21,"column":52}},"loc":{"start":{"line":21,"column":65},"end":{"line":21,"column":82}},"line":21},"3":{"name":"(anonymous_3)","decl":{"start":{"line":24,"column":25},"end":{"line":24,"column":26}},"loc":{"start":{"line":24,"column":42},"end":{"line":38,"column":3}},"line":24},"4":{"name":"(anonymous_4)","decl":{"start":{"line":26,"column":14},"end":{"line":26,"column":15}},"loc":{"start":{"line":26,"column":24},"end":{"line":26,"column":41}},"line":26},"5":{"name":"(anonymous_5)","decl":{"start":{"line":32,"column":12},"end":{"line":32,"column":13}},"loc":{"start":{"line":32,"column":22},"end":{"line":37,"column":5}},"line":32},"6":{"name":"(anonymous_6)","decl":{"start":{"line":44,"column":23},"end":{"line":44,"column":24}},"loc":{"start":{"line":44,"column":29},"end":{"line":46,"column":9}},"line":44},"7":{"name":"(anonymous_7)","decl":{"start":{"line":47,"column":21},"end":{"line":47,"column":22}},"loc":{"start":{"line":47,"column":27},"end":{"line":49,"column":9}},"line":47},"8":{"name":"(anonymous_8)","decl":{"start":{"line":50,"column":23},"end":{"line":50,"column":24}},"loc":{"start":{"line":50,"column":29},"end":{"line":52,"column":9}},"line":50},"9":{"name":"(anonymous_9)","decl":{"start":{"line":71,"column":28},"end":{"line":71,"column":29}},"loc":{"start":{"line":72,"column":14},"end":{"line":74,"column":21}},"line":72},"10":{"name":"(anonymous_10)","decl":{"start":{"line":102,"column":24},"end":{"line":102,"column":25}},"loc":{"start":{"line":103,"column":12},"end":{"line":121,"column":19}},"line":103},"11":{"name":"(anonymous_11)","decl":{"start":{"line":104,"column":23},"end":{"line":104,"column":24}},"loc":{"start":{"line":104,"column":32},"end":{"line":120,"column":15}},"line":104},"12":{"name":"(anonymous_12)","decl":{"start":{"line":113,"column":29},"end":{"line":113,"column":30}},"loc":{"start":{"line":113,"column":35},"end":{"line":113,"column":54}},"line":113}},"branchMap":{"0":{"loc":{"start":{"line":21,"column":65},"end":{"line":21,"column":82}},"type":"binary-expr","locations":[{"start":{"line":21,"column":65},"end":{"line":21,"column":76}},{"start":{"line":21,"column":80},"end":{"line":21,"column":82}}],"line":21},"1":{"loc":{"start":{"line":25,"column":4},"end":{"line":28,"column":5}},"type":"if","locations":[{"start":{"line":25,"column":4},"end":{"line":28,"column":5}},{"start":{},"end":{}}],"line":25},"2":{"loc":{"start":{"line":29,"column":4},"end":{"line":31,"column":5}},"type":"if","locations":[{"start":{"line":29,"column":4},"end":{"line":31,"column":5}},{"start":{},"end":{}}],"line":29},"3":{"loc":{"start":{"line":33,"column":6},"end":{"line":35,"column":7}},"type":"if","locations":[{"start":{"line":33,"column":6},"end":{"line":35,"column":7}},{"start":{},"end":{}}],"line":33},"4":{"loc":{"start":{"line":79,"column":42},"end":{"line":79,"column":103}},"type":"binary-expr","locations":[{"start":{"line":79,"column":42},"end":{"line":79,"column":71}},{"start":{"line":79,"column":75},"end":{"line":79,"column":103}}],"line":79},"5":{"loc":{"start":{"line":105,"column":16},"end":{"line":107,"column":17}},"type":"if","locations":[{"start":{"line":105,"column":16},"end":{"line":107,"column":17}},{"start":{},"end":{}}],"line":105},"6":{"loc":{"start":{"line":111,"column":46},"end":{"line":111,"column":85}},"type":"binary-expr","locations":[{"start":{"line":111,"column":46},"end":{"line":111,"column":59}},{"start":{"line":111,"column":63},"end":{"line":111,"column":85}}],"line":111},"7":{"loc":{"start":{"line":115,"column":40},"end":{"line":115,"column":82}},"type":"cond-expr","locations":[{"start":{"line":115,"column":56},"end":{"line":115,"column":64}},{"start":{"line":115,"column":67},"end":{"line":115,"column":82}}],"line":115},"8":{"loc":{"start":{"line":117,"column":50},"end":{"line":117,"column":75}},"type":"cond-expr","locations":[{"start":{"line":117,"column":66},"end":{"line":117,"column":69}},{"start":{"line":117,"column":72},"end":{"line":117,"column":75}}],"line":117}},"s":{"0":0,"1":0,"2":0,"3":0,"4":0,"5":0,"6":0,"7":0,"8":0,"9":0,"10":0,"11":0,"12":0,"13":0,"14":0,"15":0,"16":0,"17":0,"18":0,"19":0,"20":0,"21":0,"22":0,"23":0,"24":0},"f":{"0":0,"1":0,"2":0,"3":0,"4":0,"5":0,"6":0,"7":0,"8":0,"9":0,"10":0,"11":0,"12":0},"b":{"0":[0,0],"1":[0,0],"2":[0,0],"3":[0,0],"4":[0,0],"5":[0,0],"6":[0,0],"7":[0,0],"8":[0,0]}}
,"/Users/dikshayadav/Code/instacard-sdk/app/add-instacard-type.tsx": {"path":"/Users/dikshayadav/Code/instacard-sdk/app/add-instacard-type.tsx","statementMap":{"0":{"start":{"line":9,"column":19},"end":{"line":14,"column":10}},"1":{"start":{"line":17,"column":17},"end":{"line":17,"column":28}},"2":{"start":{"line":18,"column":42},"end":{"line":20,"column":3}},"3":{"start":{"line":22,"column":2},"end":{"line":82,"column":4}},"4":{"start":{"line":48,"column":33},"end":{"line":48,"column":59}},"5":{"start":{"line":49,"column":14},"end":{"line":64,"column":16}},"6":{"start":{"line":54,"column":33},"end":{"line":54,"column":59}},"7":{"start":{"line":73,"column":27},"end":{"line":73,"column":62}},"8":{"start":{"line":85,"column":15},"end":{"line":154,"column":2}}},"fnMap":{"0":{"name":"AddInstacardTypeScreen","decl":{"start":{"line":16,"column":24},"end":{"line":16,"column":46}},"loc":{"start":{"line":16,"column":49},"end":{"line":83,"column":1}},"line":16},"1":{"name":"(anonymous_1)","decl":{"start":{"line":26,"column":23},"end":{"line":26,"column":24}},"loc":{"start":{"line":26,"column":29},"end":{"line":28,"column":9}},"line":26},"2":{"name":"(anonymous_2)","decl":{"start":{"line":29,"column":21},"end":{"line":29,"column":22}},"loc":{"start":{"line":29,"column":27},"end":{"line":31,"column":9}},"line":29},"3":{"name":"(anonymous_3)","decl":{"start":{"line":32,"column":23},"end":{"line":32,"column":24}},"loc":{"start":{"line":32,"column":29},"end":{"line":34,"column":9}},"line":32},"4":{"name":"(anonymous_4)","decl":{"start":{"line":47,"column":28},"end":{"line":47,"column":29}},"loc":{"start":{"line":47,"column":40},"end":{"line":65,"column":13}},"line":47},"5":{"name":"(anonymous_5)","decl":{"start":{"line":54,"column":27},"end":{"line":54,"column":28}},"loc":{"start":{"line":54,"column":33},"end":{"line":54,"column":59}},"line":54},"6":{"name":"(anonymous_6)","decl":{"start":{"line":73,"column":21},"end":{"line":73,"column":22}},"loc":{"start":{"line":73,"column":27},"end":{"line":73,"column":62}},"line":73}},"branchMap":{"0":{"loc":{"start":{"line":52,"column":45},"end":{"line":52,"column":84}},"type":"binary-expr","locations":[{"start":{"line":52,"column":45},"end":{"line":52,"column":55}},{"start":{"line":52,"column":59},"end":{"line":52,"column":84}}],"line":52},"1":{"loc":{"start":{"line":60,"column":51},"end":{"line":60,"column":90}},"type":"binary-expr","locations":[{"start":{"line":60,"column":51},"end":{"line":60,"column":61}},{"start":{"line":60,"column":65},"end":{"line":60,"column":90}}],"line":60},"2":{"loc":{"start":{"line":61,"column":21},"end":{"line":61,"column":75}},"type":"cond-expr","locations":[{"start":{"line":61,"column":34},"end":{"line":61,"column":68}},{"start":{"line":61,"column":71},"end":{"line":61,"column":75}}],"line":61}},"s":{"0":0,"1":0,"2":0,"3":0,"4":0,"5":0,"6":0,"7":0,"8":0},"f":{"0":0,"1":0,"2":0,"3":0,"4":0,"5":0,"6":0},"b":{"0":[0,0],"1":[0,0],"2":[0,0]}}
,"/Users/dikshayadav/Code/instacard-sdk/app/card-detail.tsx": {"path":"/Users/dikshayadav/Code/instacard-sdk/app/card-detail.tsx","statementMap":{"0":{"start":{"line":19,"column":16},"end":{"line":32,"column":10}},"1":{"start":{"line":35,"column":17},"end":{"line":35,"column":28}},"2":{"start":{"line":36,"column":17},"end":{"line":36,"column":36}},"3":{"start":{"line":37,"column":21},"end":{"line":37,"column":63}},"4":{"start":{"line":39,"column":15},"end":{"line":41,"column":14}},"5":{"start":{"line":40,"column":4},"end":{"line":40,"column":66}},"6":{"start":{"line":40,"column":33},"end":{"line":40,"column":48}},"7":{"start":{"line":43,"column":28},"end":{"line":45,"column":3}},"8":{"start":{"line":47,"column":22},"end":{"line":49,"column":3}},"9":{"start":{"line":48,"column":4},"end":{"line":48,"column":18}},"10":{"start":{"line":51,"column":2},"end":{"line":138,"column":4}},"11":{"start":{"line":107,"column":14},"end":{"line":132,"column":30}},"12":{"start":{"line":114,"column":33},"end":{"line":114,"column":67}},"13":{"start":{"line":141,"column":15},"end":{"line":245,"column":2}}},"fnMap":{"0":{"name":"CardDetailScreen","decl":{"start":{"line":34,"column":24},"end":{"line":34,"column":40}},"loc":{"start":{"line":34,"column":43},"end":{"line":139,"column":1}},"line":34},"1":{"name":"(anonymous_1)","decl":{"start":{"line":39,"column":23},"end":{"line":39,"column":24}},"loc":{"start":{"line":39,"column":29},"end":{"line":41,"column":3}},"line":39},"2":{"name":"(anonymous_2)","decl":{"start":{"line":40,"column":26},"end":{"line":40,"column":27}},"loc":{"start":{"line":40,"column":33},"end":{"line":40,"column":48}},"line":40},"3":{"name":"(anonymous_3)","decl":{"start":{"line":43,"column":28},"end":{"line":43,"column":29}},"loc":{"start":{"line":43,"column":74},"end":{"line":45,"column":3}},"line":43},"4":{"name":"(anonymous_4)","decl":{"start":{"line":47,"column":22},"end":{"line":47,"column":23}},"loc":{"start":{"line":47,"column":28},"end":{"line":49,"column":3}},"line":47},"5":{"name":"(anonymous_5)","decl":{"start":{"line":106,"column":25},"end":{"line":106,"column":26}},"loc":{"start":{"line":107,"column":14},"end":{"line":132,"column":30}},"line":107},"6":{"name":"(anonymous_6)","decl":{"start":{"line":114,"column":27},"end":{"line":114,"column":28}},"loc":{"start":{"line":114,"column":33},"end":{"line":114,"column":67}},"line":114}},"branchMap":{"0":{"loc":{"start":{"line":40,"column":11},"end":{"line":40,"column":65}},"type":"binary-expr","locations":[{"start":{"line":40,"column":11},"end":{"line":40,"column":49}},{"start":{"line":40,"column":53},"end":{"line":40,"column":65}}],"line":40}},"s":{"0":0,"1":0,"2":0,"3":0,"4":0,"5":0,"6":0,"7":0,"8":0,"9":0,"10":0,"11":0,"12":0,"13":0},"f":{"0":0,"1":0,"2":0,"3":0,"4":0,"5":0,"6":0},"b":{"0":[0,0]}}
,"/Users/dikshayadav/Code/instacard-sdk/app/cards.tsx": {"path":"/Users/dikshayadav/Code/instacard-sdk/app/cards.tsx","statementMap":{"0":{"start":{"line":18,"column":40},"end":{"line":18,"column":75}},"1":{"start":{"line":19,"column":44},"end":{"line":19,"column":59}},"2":{"start":{"line":20,"column":46},"end":{"line":20,"column":75}},"3":{"start":{"line":21,"column":38},"end":{"line":21,"column":53}},"4":{"start":{"line":22,"column":34},"end":{"line":22,"column":78}},"5":{"start":{"line":24,"column":28},"end":{"line":26,"column":3}},"6":{"start":{"line":25,"column":4},"end":{"line":25,"column":24}},"7":{"start":{"line":28,"column":25},"end":{"line":41,"column":8}},"8":{"start":{"line":29,"column":4},"end":{"line":29,"column":25}},"9":{"start":{"line":31,"column":4},"end":{"line":39,"column":5}},"10":{"start":{"line":32,"column":6},"end":{"line":36,"column":8}},"11":{"start":{"line":37,"column":11},"end":{"line":39,"column":5}},"12":{"start":{"line":38,"column":6},"end":{"line":38,"column":67}},"13":{"start":{"line":43,"column":26},"end":{"line":46,"column":3}},"14":{"start":{"line":44,"column":4},"end":{"line":44,"column":31}},"15":{"start":{"line":45,"column":4},"end":{"line":45,"column":27}},"16":{"start":{"line":49,"column":24},"end":{"line":59,"column":19}},"17":{"start":{"line":51,"column":4},"end":{"line":53,"column":5}},"18":{"start":{"line":52,"column":6},"end":{"line":52,"column":23}},"19":{"start":{"line":56,"column":4},"end":{"line":58,"column":6}},"20":{"start":{"line":57,"column":6},"end":{"line":57,"column":59}},"21":{"start":{"line":62,"column":34},"end":{"line":66,"column":8}},"22":{"start":{"line":63,"column":4},"end":{"line":63,"column":28}},"23":{"start":{"line":65,"column":4},"end":{"line":65,"column":28}},"24":{"start":{"line":68,"column":2},"end":{"line":154,"column":4}},"25":{"start":{"line":131,"column":10},"end":{"line":131,"column":31}},"26":{"start":{"line":140,"column":23},"end":{"line":140,"column":46}},"27":{"start":{"line":141,"column":32},"end":{"line":141,"column":58}},"28":{"start":{"line":157,"column":15},"end":{"line":192,"column":2}}},"fnMap":{"0":{"name":"CardsScreen","decl":{"start":{"line":17,"column":24},"end":{"line":17,"column":35}},"loc":{"start":{"line":17,"column":38},"end":{"line":155,"column":1}},"line":17},"1":{"name":"(anonymous_1)","decl":{"start":{"line":24,"column":28},"end":{"line":24,"column":29}},"loc":{"start":{"line":24,"column":34},"end":{"line":26,"column":3}},"line":24},"2":{"name":"(anonymous_2)","decl":{"start":{"line":28,"column":37},"end":{"line":28,"column":38}},"loc":{"start":{"line":28,"column":60},"end":{"line":41,"column":3}},"line":28},"3":{"name":"(anonymous_3)","decl":{"start":{"line":43,"column":26},"end":{"line":43,"column":27}},"loc":{"start":{"line":43,"column":46},"end":{"line":46,"column":3}},"line":43},"4":{"name":"(anonymous_4)","decl":{"start":{"line":49,"column":32},"end":{"line":49,"column":33}},"loc":{"start":{"line":49,"column":38},"end":{"line":59,"column":3}},"line":49},"5":{"name":"(anonymous_5)","decl":{"start":{"line":56,"column":28},"end":{"line":56,"column":29}},"loc":{"start":{"line":57,"column":6},"end":{"line":57,"column":59}},"line":57},"6":{"name":"(anonymous_6)","decl":{"start":{"line":62,"column":46},"end":{"line":62,"column":47}},"loc":{"start":{"line":62,"column":77},"end":{"line":66,"column":3}},"line":62},"7":{"name":"(anonymous_7)","decl":{"start":{"line":74,"column":23},"end":{"line":74,"column":24}},"loc":{"start":{"line":74,"column":29},"end":{"line":76,"column":9}},"line":74},"8":{"name":"(anonymous_8)","decl":{"start":{"line":77,"column":21},"end":{"line":77,"column":22}},"loc":{"start":{"line":77,"column":27},"end":{"line":79,"column":9}},"line":77},"9":{"name":"(anonymous_9)","decl":{"start":{"line":80,"column":23},"end":{"line":80,"column":24}},"loc":{"start":{"line":80,"column":29},"end":{"line":82,"column":9}},"line":80},"10":{"name":"(anonymous_10)","decl":{"start":{"line":91,"column":26},"end":{"line":91,"column":27}},"loc":{"start":{"line":91,"column":32},"end":{"line":93,"column":13}},"line":91},"11":{"name":"(anonymous_11)","decl":{"start":{"line":127,"column":21},"end":{"line":127,"column":22}},"loc":{"start":{"line":127,"column":27},"end":{"line":129,"column":9}},"line":127},"12":{"name":"(anonymous_12)","decl":{"start":{"line":130,"column":21},"end":{"line":130,"column":22}},"loc":{"start":{"line":130,"column":27},"end":{"line":132,"column":9}},"line":130},"13":{"name":"(anonymous_13)","decl":{"start":{"line":140,"column":17},"end":{"line":140,"column":18}},"loc":{"start":{"line":140,"column":23},"end":{"line":140,"column":46}},"line":140},"14":{"name":"(anonymous_14)","decl":{"start":{"line":141,"column":22},"end":{"line":141,"column":23}},"loc":{"start":{"line":141,"column":32},"end":{"line":141,"column":58}},"line":141},"15":{"name":"(anonymous_15)","decl":{"start":{"line":142,"column":23},"end":{"line":142,"column":24}},"loc":{"start":{"line":142,"column":29},"end":{"line":144,"column":9}},"line":142}},"branchMap":{"0":{"loc":{"start":{"line":31,"column":4},"end":{"line":39,"column":5}},"type":"if","locations":[{"start":{"line":31,"column":4},"end":{"line":39,"column":5}},{"start":{"line":37,"column":11},"end":{"line":39,"column":5}}],"line":31},"1":{"loc":{"start":{"line":31,"column":8},"end":{"line":31,"column":37}},"type":"binary-expr","locations":[{"start":{"line":31,"column":8},"end":{"line":31,"column":22}},{"start":{"line":31,"column":26},"end":{"line":31,"column":37}}],"line":31},"2":{"loc":{"start":{"line":37,"column":11},"end":{"line":39,"column":5}},"type":"if","locations":[{"start":{"line":37,"column":11},"end":{"line":39,"column":5}},{"start":{},"end":{}}],"line":37},"3":{"loc":{"start":{"line":51,"column":4},"end":{"line":53,"column":5}},"type":"if","locations":[{"start":{"line":51,"column":4},"end":{"line":53,"column":5}},{"start":{},"end":{}}],"line":51},"4":{"loc":{"start":{"line":51,"column":8},"end":{"line":51,"column":63}},"type":"binary-expr","locations":[{"start":{"line":51,"column":8},"end":{"line":51,"column":35}},{"start":{"line":51,"column":39},"end":{"line":51,"column":63}}],"line":51},"5":{"loc":{"start":{"line":73,"column":18},"end":{"line":73,"column":76}},"type":"cond-expr","locations":[{"start":{"line":73,"column":34},"end":{"line":73,"column":47}},{"start":{"line":73,"column":50},"end":{"line":73,"column":76}}],"line":73},"6":{"loc":{"start":{"line":104,"column":36},"end":{"line":104,"column":90}},"type":"cond-expr","locations":[{"start":{"line":104,"column":64},"end":{"line":104,"column":81}},{"start":{"line":104,"column":84},"end":{"line":104,"column":90}}],"line":104},"7":{"loc":{"start":{"line":105,"column":33},"end":{"line":105,"column":66}},"type":"cond-expr","locations":[{"start":{"line":105,"column":61},"end":{"line":105,"column":62}},{"start":{"line":105,"column":65},"end":{"line":105,"column":66}}],"line":105},"8":{"loc":{"start":{"line":139,"column":24},"end":{"line":139,"column":62}},"type":"binary-expr","locations":[{"start":{"line":139,"column":24},"end":{"line":139,"column":38}},{"start":{"line":139,"column":42},"end":{"line":139,"column":62}}],"line":139}},"s":{"0":0,"1":0,"2":0,"3":0,"4":0,"5":0,"6":0,"7":0,"8":0,"9":0,"10":0,"11":0,"12":0,"13":0,"14":0,"15":0,"16":0,"17":0,"18":0,"19":0,"20":0,"21":0,"22":0,"23":0,"24":0,"25":0,"26":0,"27":0,"28":0},"f":{"0":0,"1":0,"2":0,"3":0,"4":0,"5":0,"6":0,"7":0,"8":0,"9":0,"10":0,"11":0,"12":0,"13":0,"14":0,"15":0},"b":{"0":[0,0],"1":[0,0],"2":[0,0],"3":[0,0],"4":[0,0],"5":[0,0],"6":[0,0],"7":[0,0],"8":[0,0]}}
,"/Users/dikshayadav/Code/instacard-sdk/app/modal.tsx": {"path":"/Users/dikshayadav/Code/instacard-sdk/app/modal.tsx","statementMap":{"0":{"start":{"line":8,"column":2},"end":{"line":15,"column":4}},"1":{"start":{"line":18,"column":15},"end":{"line":29,"column":2}}},"fnMap":{"0":{"name":"ModalScreen","decl":{"start":{"line":7,"column":24},"end":{"line":7,"column":35}},"loc":{"start":{"line":7,"column":38},"end":{"line":16,"column":1}},"line":7}},"branchMap":{},"s":{"0":0,"1":0},"f":{"0":0},"b":{}}
,"/Users/dikshayadav/Code/instacard-sdk/app/scan.tsx": {"path":"/Users/dikshayadav/Code/instacard-sdk/app/scan.tsx","statementMap":{"0":{"start":{"line":19,"column":34},"end":{"line":19,"column":58}},"1":{"start":{"line":20,"column":22},"end":{"line":20,"column":42}},"2":{"start":{"line":23,"column":42},"end":{"line":23,"column":64}},"3":{"start":{"line":24,"column":32},"end":{"line":24,"column":47}},"4":{"start":{"line":25,"column":30},"end":{"line":25,"column":59}},"5":{"start":{"line":26,"column":28},"end":{"line":26,"column":57}},"6":{"start":{"line":29,"column":27},"end":{"line":29,"column":44}},"7":{"start":{"line":32,"column":2},"end":{"line":41,"column":5}},"8":{"start":{"line":33,"column":4},"end":{"line":40,"column":6}},"9":{"start":{"line":43,"column":24},"end":{"line":45,"column":5}},"10":{"start":{"line":43,"column":48},"end":{"line":45,"column":3}},"11":{"start":{"line":47,"column":28},"end":{"line":50,"column":3}},"12":{"start":{"line":48,"column":4},"end":{"line":48,"column":59}},"13":{"start":{"line":49,"column":4},"end":{"line":49,"column":25}},"14":{"start":{"line":52,"column":29},"end":{"line":71,"column":3}},"15":{"start":{"line":53,"column":4},"end":{"line":53,"column":59}},"16":{"start":{"line":55,"column":29},"end":{"line":55,"column":84}},"17":{"start":{"line":57,"column":4},"end":{"line":59,"column":5}},"18":{"start":{"line":58,"column":6},"end":{"line":58,"column":13}},"19":{"start":{"line":61,"column":19},"end":{"line":65,"column":6}},"20":{"start":{"line":67,"column":4},"end":{"line":70,"column":5}},"21":{"start":{"line":68,"column":6},"end":{"line":68,"column":37}},"22":{"start":{"line":69,"column":6},"end":{"line":69,"column":59}},"23":{"start":{"line":73,"column":22},"end":{"line":76,"column":3}},"24":{"start":{"line":74,"column":4},"end":{"line":74,"column":59}},"25":{"start":{"line":75,"column":4},"end":{"line":75,"column":18}},"26":{"start":{"line":78,"column":23},"end":{"line":81,"column":3}},"27":{"start":{"line":79,"column":4},"end":{"line":79,"column":46}},"28":{"start":{"line":79,"column":34},"end":{"line":79,"column":46}},"29":{"start":{"line":80,"column":4},"end":{"line":80,"column":48}},"30":{"start":{"line":84,"column":2},"end":{"line":93,"column":3}},"31":{"start":{"line":85,"column":4},"end":{"line":92,"column":6}},"32":{"start":{"line":95,"column":2},"end":{"line":113,"column":3}},"33":{"start":{"line":96,"column":4},"end":{"line":112,"column":6}},"34":{"start":{"line":115,"column":2},"end":{"line":230,"column":4}},"35":{"start":{"line":140,"column":12},"end":{"line":140,"column":35}},"36":{"start":{"line":158,"column":18},"end":{"line":158,"column":73}},"37":{"start":{"line":159,"column":18},"end":{"line":159,"column":42}},"38":{"start":{"line":233,"column":21},"end":{"line":233,"column":24}},"39":{"start":{"line":234,"column":20},"end":{"line":234,"column":22}},"40":{"start":{"line":235,"column":28},"end":{"line":235,"column":29}},"41":{"start":{"line":237,"column":15},"end":{"line":464,"column":2}}},"fnMap":{"0":{"name":"ScanScreen","decl":{"start":{"line":22,"column":24},"end":{"line":22,"column":34}},"loc":{"start":{"line":22,"column":37},"end":{"line":231,"column":1}},"line":22},"1":{"name":"(anonymous_1)","decl":{"start":{"line":32,"column":11},"end":{"line":32,"column":12}},"loc":{"start":{"line":32,"column":17},"end":{"line":41,"column":3}},"line":32},"2":{"name":"(anonymous_2)","decl":{"start":{"line":43,"column":41},"end":{"line":43,"column":42}},"loc":{"start":{"line":43,"column":48},"end":{"line":45,"column":3}},"line":43},"3":{"name":"(anonymous_3)","decl":{"start":{"line":47,"column":28},"end":{"line":47,"column":29}},"loc":{"start":{"line":47,"column":34},"end":{"line":50,"column":3}},"line":47},"4":{"name":"(anonymous_4)","decl":{"start":{"line":52,"column":29},"end":{"line":52,"column":30}},"loc":{"start":{"line":52,"column":41},"end":{"line":71,"column":3}},"line":52},"5":{"name":"(anonymous_5)","decl":{"start":{"line":73,"column":22},"end":{"line":73,"column":23}},"loc":{"start":{"line":73,"column":28},"end":{"line":76,"column":3}},"line":73},"6":{"name":"(anonymous_6)","decl":{"start":{"line":78,"column":23},"end":{"line":78,"column":24}},"loc":{"start":{"line":78,"column":65},"end":{"line":81,"column":3}},"line":78},"7":{"name":"(anonymous_7)","decl":{"start":{"line":139,"column":28},"end":{"line":139,"column":29}},"loc":{"start":{"line":139,"column":40},"end":{"line":141,"column":11}},"line":139},"8":{"name":"(anonymous_8)","decl":{"start":{"line":157,"column":25},"end":{"line":157,"column":26}},"loc":{"start":{"line":157,"column":31},"end":{"line":160,"column":17}},"line":157}},"branchMap":{"0":{"loc":{"start":{"line":57,"column":4},"end":{"line":59,"column":5}},"type":"if","locations":[{"start":{"line":57,"column":4},"end":{"line":59,"column":5}},{"start":{},"end":{}}],"line":57},"1":{"loc":{"start":{"line":67,"column":4},"end":{"line":70,"column":5}},"type":"if","locations":[{"start":{"line":67,"column":4},"end":{"line":70,"column":5}},{"start":{},"end":{}}],"line":67},"2":{"loc":{"start":{"line":67,"column":8},"end":{"line":67,"column":69}},"type":"binary-expr","locations":[{"start":{"line":67,"column":8},"end":{"line":67,"column":24}},{"start":{"line":67,"column":28},"end":{"line":67,"column":41}},{"start":{"line":67,"column":45},"end":{"line":67,"column":69}}],"line":67},"3":{"loc":{"start":{"line":78,"column":38},"end":{"line":78,"column":60}},"type":"default-arg","locations":[{"start":{"line":78,"column":58},"end":{"line":78,"column":60}}],"line":78},"4":{"loc":{"start":{"line":79,"column":4},"end":{"line":79,"column":46}},"type":"if","locations":[{"start":{"line":79,"column":4},"end":{"line":79,"column":46}},{"start":{},"end":{}}],"line":79},"5":{"loc":{"start":{"line":84,"column":2},"end":{"line":93,"column":3}},"type":"if","locations":[{"start":{"line":84,"column":2},"end":{"line":93,"column":3}},{"start":{},"end":{}}],"line":84},"6":{"loc":{"start":{"line":95,"column":2},"end":{"line":113,"column":3}},"type":"if","locations":[{"start":{"line":95,"column":2},"end":{"line":113,"column":3}},{"start":{},"end":{}}],"line":95},"7":{"loc":{"start":{"line":153,"column":13},"end":{"line":175,"column":13}},"type":"binary-expr","locations":[{"start":{"line":153,"column":13},"end":{"line":153,"column":19}},{"start":{"line":154,"column":14},"end":{"line":174,"column":33}}],"line":153},"8":{"loc":{"start":{"line":165,"column":42},"end":{"line":165,"column":96}},"type":"cond-expr","locations":[{"start":{"line":165,"column":70},"end":{"line":165,"column":87}},{"start":{"line":165,"column":90},"end":{"line":165,"column":96}}],"line":165},"9":{"loc":{"start":{"line":166,"column":39},"end":{"line":166,"column":72}},"type":"cond-expr","locations":[{"start":{"line":166,"column":67},"end":{"line":166,"column":68}},{"start":{"line":166,"column":71},"end":{"line":166,"column":72}}],"line":166},"10":{"loc":{"start":{"line":189,"column":31},"end":{"line":189,"column":64}},"type":"cond-expr","locations":[{"start":{"line":189,"column":59},"end":{"line":189,"column":60}},{"start":{"line":189,"column":63},"end":{"line":189,"column":64}}],"line":189},"11":{"loc":{"start":{"line":215,"column":54},"end":{"line":215,"column":90}},"type":"binary-expr","locations":[{"start":{"line":215,"column":54},"end":{"line":215,"column":61}},{"start":{"line":215,"column":65},"end":{"line":215,"column":90}}],"line":215},"12":{"loc":{"start":{"line":216,"column":17},"end":{"line":220,"column":17}},"type":"cond-expr","locations":[{"start":{"line":217,"column":18},"end":{"line":217,"column":90}},{"start":{"line":219,"column":18},"end":{"line":219,"column":93}}],"line":216},"13":{"loc":{"start":{"line":223,"column":17},"end":{"line":223,"column":51}},"type":"cond-expr","locations":[{"start":{"line":223,"column":27},"end":{"line":223,"column":37}},{"start":{"line":223,"column":40},"end":{"line":223,"column":51}}],"line":223},"14":{"loc":{"start":{"line":249,"column":16},"end":{"line":249,"column":47}},"type":"cond-expr","locations":[{"start":{"line":249,"column":40},"end":{"line":249,"column":42}},{"start":{"line":249,"column":45},"end":{"line":249,"column":47}}],"line":249},"15":{"loc":{"start":{"line":366,"column":19},"end":{"line":366,"column":50}},"type":"cond-expr","locations":[{"start":{"line":366,"column":43},"end":{"line":366,"column":45}},{"start":{"line":366,"column":48},"end":{"line":366,"column":50}}],"line":366}},"s":{"0":0,"1":0,"2":0,"3":0,"4":0,"5":0,"6":0,"7":0,"8":0,"9":0,"10":0,"11":0,"12":0,"13":0,"14":0,"15":0,"16":0,"17":0,"18":0,"19":0,"20":0,"21":0,"22":0,"23":0,"24":0,"25":0,"26":0,"27":0,"28":0,"29":0,"30":0,"31":0,"32":0,"33":0,"34":0,"35":0,"36":0,"37":0,"38":0,"39":0,"40":0,"41":0},"f":{"0":0,"1":0,"2":0,"3":0,"4":0,"5":0,"6":0,"7":0,"8":0},"b":{"0":[0,0],"1":[0,0],"2":[0,0,0],"3":[0],"4":[0,0],"5":[0,0],"6":[0,0],"7":[0,0],"8":[0,0],"9":[0,0],"10":[0,0],"11":[0,0],"12":[0,0],"13":[0,0],"14":[0,0],"15":[0,0]}}
,"/Users/dikshayadav/Code/instacard-sdk/app/(tabs)/_layout.tsx": {"path":"/Users/dikshayadav/Code/instacard-sdk/app/(tabs)/_layout.tsx","statementMap":{"0":{"start":{"line":10,"column":22},"end":{"line":10,"column":38}},"1":{"start":{"line":12,"column":2},"end":{"line":34,"column":4}},"2":{"start":{"line":23,"column":37},"end":{"line":23,"column":93}},"3":{"start":{"line":30,"column":37},"end":{"line":30,"column":98}}},"fnMap":{"0":{"name":"TabLayout","decl":{"start":{"line":9,"column":24},"end":{"line":9,"column":33}},"loc":{"start":{"line":9,"column":36},"end":{"line":35,"column":1}},"line":9},"1":{"name":"(anonymous_1)","decl":{"start":{"line":23,"column":22},"end":{"line":23,"column":23}},"loc":{"start":{"line":23,"column":37},"end":{"line":23,"column":93}},"line":23},"2":{"name":"(anonymous_2)","decl":{"start":{"line":30,"column":22},"end":{"line":30,"column":23}},"loc":{"start":{"line":30,"column":37},"end":{"line":30,"column":98}},"line":30}},"branchMap":{"0":{"loc":{"start":{"line":15,"column":38},"end":{"line":15,"column":60}},"type":"binary-expr","locations":[{"start":{"line":15,"column":38},"end":{"line":15,"column":49}},{"start":{"line":15,"column":53},"end":{"line":15,"column":60}}],"line":15}},"s":{"0":0,"1":0,"2":0,"3":0},"f":{"0":0,"1":0,"2":0},"b":{"0":[0,0]}}
,"/Users/dikshayadav/Code/instacard-sdk/app/(tabs)/explore.tsx": {"path":"/Users/dikshayadav/Code/instacard-sdk/app/(tabs)/explore.tsx","statementMap":{"0":{"start":{"line":13,"column":2},"end":{"line":98,"column":4}},"1":{"start":{"line":101,"column":15},"end":{"line":112,"column":2}}},"fnMap":{"0":{"name":"TabTwoScreen","decl":{"start":{"line":12,"column":24},"end":{"line":12,"column":36}},"loc":{"start":{"line":12,"column":39},"end":{"line":99,"column":1}},"line":12}},"branchMap":{},"s":{"0":0,"1":0},"f":{"0":0},"b":{}}
,"/Users/dikshayadav/Code/instacard-sdk/app/(tabs)/index.tsx": {"path":"/Users/dikshayadav/Code/instacard-sdk/app/(tabs)/index.tsx","statementMap":{"0":{"start":{"line":7,"column":17},"end":{"line":7,"column":28}},"1":{"start":{"line":9,"column":2},"end":{"line":15,"column":4}},"2":{"start":{"line":11,"column":61},"end":{"line":11,"column":82}},"3":{"start":{"line":18,"column":15},"end":{"line":36,"column":2}}},"fnMap":{"0":{"name":"HomeScreen","decl":{"start":{"line":6,"column":24},"end":{"line":6,"column":34}},"loc":{"start":{"line":6,"column":37},"end":{"line":16,"column":1}},"line":6},"1":{"name":"(anonymous_1)","decl":{"start":{"line":11,"column":55},"end":{"line":11,"column":56}},"loc":{"start":{"line":11,"column":61},"end":{"line":11,"column":82}},"line":11}},"branchMap":{},"s":{"0":0,"1":0,"2":0,"3":0},"f":{"0":0,"1":0},"b":{}}
,"/Users/dikshayadav/Code/instacard-sdk/components/external-link.tsx": {"path":"/Users/dikshayadav/Code/instacard-sdk/components/external-link.tsx","statementMap":{"0":{"start":{"line":8,"column":2},"end":{"line":24,"column":4}},"1":{"start":{"line":14,"column":8},"end":{"line":21,"column":9}},"2":{"start":{"line":16,"column":10},"end":{"line":16,"column":33}},"3":{"start":{"line":18,"column":10},"end":{"line":20,"column":13}}},"fnMap":{"0":{"name":"ExternalLink","decl":{"start":{"line":7,"column":16},"end":{"line":7,"column":28}},"loc":{"start":{"line":7,"column":55},"end":{"line":25,"column":1}},"line":7},"1":{"name":"(anonymous_1)","decl":{"start":{"line":13,"column":15},"end":{"line":13,"column":16}},"loc":{"start":{"line":13,"column":32},"end":{"line":22,"column":7}},"line":13}},"branchMap":{"0":{"loc":{"start":{"line":14,"column":8},"end":{"line":21,"column":9}},"type":"if","locations":[{"start":{"line":14,"column":8},"end":{"line":21,"column":9}},{"start":{},"end":{}}],"line":14}},"s":{"0":0,"1":0,"2":0,"3":0},"f":{"0":0,"1":0},"b":{"0":[0,0]}}
,"/Users/dikshayadav/Code/instacard-sdk/components/haptic-tab.tsx": {"path":"/Users/dikshayadav/Code/instacard-sdk/components/haptic-tab.tsx","statementMap":{"0":{"start":{"line":6,"column":2},"end":{"line":17,"column":4}},"1":{"start":{"line":10,"column":8},"end":{"line":13,"column":9}},"2":{"start":{"line":12,"column":10},"end":{"line":12,"column":65}},"3":{"start":{"line":14,"column":8},"end":{"line":14,"column":30}}},"fnMap":{"0":{"name":"HapticTab","decl":{"start":{"line":5,"column":16},"end":{"line":5,"column":25}},"loc":{"start":{"line":5,"column":58},"end":{"line":18,"column":1}},"line":5},"1":{"name":"(anonymous_1)","decl":{"start":{"line":9,"column":17},"end":{"line":9,"column":18}},"loc":{"start":{"line":9,"column":25},"end":{"line":15,"column":7}},"line":9}},"branchMap":{"0":{"loc":{"start":{"line":10,"column":8},"end":{"line":13,"column":9}},"type":"if","locations":[{"start":{"line":10,"column":8},"end":{"line":13,"column":9}},{"start":{},"end":{}}],"line":10}},"s":{"0":0,"1":0,"2":0,"3":0},"f":{"0":0,"1":0},"b":{"0":[0,0]}}
,"/Users/dikshayadav/Code/instacard-sdk/components/hello-wave.tsx": {"path":"/Users/dikshayadav/Code/instacard-sdk/components/hello-wave.tsx","statementMap":{"0":{"start":{"line":4,"column":2},"end":{"line":18,"column":4}}},"fnMap":{"0":{"name":"HelloWave","decl":{"start":{"line":3,"column":16},"end":{"line":3,"column":25}},"loc":{"start":{"line":3,"column":28},"end":{"line":19,"column":1}},"line":3}},"branchMap":{},"s":{"0":0},"f":{"0":0},"b":{}}
,"/Users/dikshayadav/Code/instacard-sdk/components/parallax-scroll-view.tsx": {"path":"/Users/dikshayadav/Code/instacard-sdk/components/parallax-scroll-view.tsx","statementMap":{"0":{"start":{"line":14,"column":22},"end":{"line":14,"column":25}},"1":{"start":{"line":26,"column":26},"end":{"line":26,"column":57}},"2":{"start":{"line":27,"column":22},"end":{"line":27,"column":49}},"3":{"start":{"line":28,"column":20},"end":{"line":28,"column":57}},"4":{"start":{"line":29,"column":23},"end":{"line":29,"column":49}},"5":{"start":{"line":30,"column":30},"end":{"line":45,"column":4}},"6":{"start":{"line":31,"column":4},"end":{"line":44,"column":6}},"7":{"start":{"line":47,"column":2},"end":{"line":62,"column":4}},"8":{"start":{"line":65,"column":15},"end":{"line":79,"column":2}}},"fnMap":{"0":{"name":"ParallaxScrollView","decl":{"start":{"line":21,"column":24},"end":{"line":21,"column":42}},"loc":{"start":{"line":25,"column":10},"end":{"line":63,"column":1}},"line":25},"1":{"name":"(anonymous_1)","decl":{"start":{"line":30,"column":47},"end":{"line":30,"column":48}},"loc":{"start":{"line":30,"column":53},"end":{"line":45,"column":3}},"line":30}},"branchMap":{"0":{"loc":{"start":{"line":27,"column":22},"end":{"line":27,"column":49}},"type":"binary-expr","locations":[{"start":{"line":27,"column":22},"end":{"line":27,"column":38}},{"start":{"line":27,"column":42},"end":{"line":27,"column":49}}],"line":27}},"s":{"0":0,"1":0,"2":0,"3":0,"4":0,"5":0,"6":0,"7":0,"8":0},"f":{"0":0,"1":0},"b":{"0":[0,0]}}
,"/Users/dikshayadav/Code/instacard-sdk/components/themed-text.tsx": {"path":"/Users/dikshayadav/Code/instacard-sdk/components/themed-text.tsx","statementMap":{"0":{"start":{"line":18,"column":16},"end":{"line":18,"column":77}},"1":{"start":{"line":20,"column":2},"end":{"line":33,"column":4}},"2":{"start":{"line":36,"column":15},"end":{"line":60,"column":2}}},"fnMap":{"0":{"name":"ThemedText","decl":{"start":{"line":11,"column":16},"end":{"line":11,"column":26}},"loc":{"start":{"line":17,"column":20},"end":{"line":34,"column":1}},"line":17}},"branchMap":{"0":{"loc":{"start":{"line":15,"column":2},"end":{"line":15,"column":18}},"type":"default-arg","locations":[{"start":{"line":15,"column":9},"end":{"line":15,"column":18}}],"line":15},"1":{"loc":{"start":{"line":24,"column":8},"end":{"line":24,"column":55}},"type":"cond-expr","locations":[{"start":{"line":24,"column":29},"end":{"line":24,"column":43}},{"start":{"line":24,"column":46},"end":{"line":24,"column":55}}],"line":24},"2":{"loc":{"start":{"line":25,"column":8},"end":{"line":25,"column":51}},"type":"cond-expr","locations":[{"start":{"line":25,"column":27},"end":{"line":25,"column":39}},{"start":{"line":25,"column":42},"end":{"line":25,"column":51}}],"line":25},"3":{"loc":{"start":{"line":26,"column":8},"end":{"line":26,"column":71}},"type":"cond-expr","locations":[{"start":{"line":26,"column":37},"end":{"line":26,"column":59}},{"start":{"line":26,"column":62},"end":{"line":26,"column":71}}],"line":26},"4":{"loc":{"start":{"line":27,"column":8},"end":{"line":27,"column":57}},"type":"cond-expr","locations":[{"start":{"line":27,"column":30},"end":{"line":27,"column":45}},{"start":{"line":27,"column":48},"end":{"line":27,"column":57}}],"line":27},"5":{"loc":{"start":{"line":28,"column":8},"end":{"line":28,"column":49}},"type":"cond-expr","locations":[{"start":{"line":28,"column":26},"end":{"line":28,"column":37}},{"start":{"line":28,"column":40},"end":{"line":28,"column":49}}],"line":28}},"s":{"0":7,"1":7,"2":1},"f":{"0":7},"b":{"0":[3],"1":[3,4],"2":[1,6],"3":[1,6],"4":[1,6],"5":[1,6]},"_coverageSchema":"1a1c01bbd47fc00a2c39e90264f33305004495a9","hash":"3c73cfaf5805c7644f786ddc0ca67c9170c4d06d"}
,"/Users/dikshayadav/Code/instacard-sdk/components/themed-view.tsx": {"path":"/Users/dikshayadav/Code/instacard-sdk/components/themed-view.tsx","statementMap":{"0":{"start":{"line":11,"column":26},"end":{"line":11,"column":93}},"1":{"start":{"line":13,"column":2},"end":{"line":13,"column":71}}},"fnMap":{"0":{"name":"ThemedView","decl":{"start":{"line":10,"column":16},"end":{"line":10,"column":26}},"loc":{"start":{"line":10,"column":93},"end":{"line":14,"column":1}},"line":10}},"branchMap":{},"s":{"0":31,"1":31},"f":{"0":31},"b":{},"_coverageSchema":"1a1c01bbd47fc00a2c39e90264f33305004495a9","hash":"a0f1a626af87a40947c1449b6f0a91ccdbf716f4"}
,"/Users/dikshayadav/Code/instacard-sdk/components/Modals/FAQModal.tsx": {"path":"/Users/dikshayadav/Code/instacard-sdk/components/Modals/FAQModal.tsx","statementMap":{"0":{"start":{"line":13,"column":34},"end":{"line":22,"column":1}},"1":{"start":{"line":31,"column":21},"end":{"line":31,"column":51}},"2":{"start":{"line":32,"column":23},"end":{"line":32,"column":49}},"3":{"start":{"line":32,"column":37},"end":{"line":32,"column":44}},"4":{"start":{"line":34,"column":4},"end":{"line":40,"column":17}},"5":{"start":{"line":35,"column":8},"end":{"line":39,"column":9}},"6":{"start":{"line":36,"column":12},"end":{"line":36,"column":39}},"7":{"start":{"line":38,"column":12},"end":{"line":38,"column":39}},"8":{"start":{"line":42,"column":4},"end":{"line":92,"column":5}},"9":{"start":{"line":51,"column":37},"end":{"line":51,"column":41}},"10":{"start":{"line":67,"column":28},"end":{"line":67,"column":42}},"11":{"start":{"line":68,"column":28},"end":{"line":68,"column":38}},"12":{"start":{"line":84,"column":24},"end":{"line":87,"column":31}},"13":{"start":{"line":96,"column":15},"end":{"line":175,"column":2}}},"fnMap":{"0":{"name":"FAQModal","decl":{"start":{"line":30,"column":24},"end":{"line":30,"column":32}},"loc":{"start":{"line":30,"column":95},"end":{"line":93,"column":1}},"line":30},"1":{"name":"(anonymous_1)","decl":{"start":{"line":32,"column":31},"end":{"line":32,"column":32}},"loc":{"start":{"line":32,"column":37},"end":{"line":32,"column":44}},"line":32},"2":{"name":"(anonymous_2)","decl":{"start":{"line":34,"column":14},"end":{"line":34,"column":15}},"loc":{"start":{"line":34,"column":20},"end":{"line":40,"column":5}},"line":34},"3":{"name":"(anonymous_3)","decl":{"start":{"line":51,"column":31},"end":{"line":51,"column":32}},"loc":{"start":{"line":51,"column":37},"end":{"line":51,"column":41}},"line":51},"4":{"name":"(anonymous_4)","decl":{"start":{"line":66,"column":33},"end":{"line":66,"column":34}},"loc":{"start":{"line":66,"column":39},"end":{"line":69,"column":25}},"line":66},"5":{"name":"(anonymous_5)","decl":{"start":{"line":83,"column":43},"end":{"line":83,"column":44}},"loc":{"start":{"line":84,"column":24},"end":{"line":87,"column":31}},"line":84}},"branchMap":{"0":{"loc":{"start":{"line":30,"column":53},"end":{"line":30,"column":76}},"type":"default-arg","locations":[{"start":{"line":30,"column":60},"end":{"line":30,"column":76}}],"line":30},"1":{"loc":{"start":{"line":35,"column":8},"end":{"line":39,"column":9}},"type":"if","locations":[{"start":{"line":35,"column":8},"end":{"line":39,"column":9}},{"start":{"line":37,"column":15},"end":{"line":39,"column":9}}],"line":35}},"s":{"0":0,"1":0,"2":0,"3":0,"4":0,"5":0,"6":0,"7":0,"8":0,"9":0,"10":0,"11":0,"12":0,"13":0},"f":{"0":0,"1":0,"2":0,"3":0,"4":0,"5":0},"b":{"0":[0],"1":[0,0]}}
,"/Users/dikshayadav/Code/instacard-sdk/components/cards/animated-card.tsx": {"path":"/Users/dikshayadav/Code/instacard-sdk/components/cards/animated-card.tsx","statementMap":{"0":{"start":{"line":12,"column":32},"end":{"line":12,"column":56}},"1":{"start":{"line":15,"column":28},"end":{"line":21,"column":1}},"2":{"start":{"line":50,"column":24},"end":{"line":193,"column":4}},"3":{"start":{"line":52,"column":18},"end":{"line":52,"column":28}},"4":{"start":{"line":53,"column":24},"end":{"line":53,"column":50}},"5":{"start":{"line":54,"column":26},"end":{"line":54,"column":65}},"6":{"start":{"line":57,"column":30},"end":{"line":57,"column":67}},"7":{"start":{"line":58,"column":30},"end":{"line":63,"column":5}},"8":{"start":{"line":64,"column":23},"end":{"line":69,"column":5}},"9":{"start":{"line":70,"column":25},"end":{"line":75,"column":5}},"10":{"start":{"line":76,"column":22},"end":{"line":81,"column":5}},"11":{"start":{"line":82,"column":23},"end":{"line":87,"column":5}},"12":{"start":{"line":90,"column":4},"end":{"line":96,"column":5}},"13":{"start":{"line":91,"column":6},"end":{"line":95,"column":8}},"14":{"start":{"line":98,"column":24},"end":{"line":98,"column":43}},"15":{"start":{"line":100,"column":4},"end":{"line":149,"column":5}},"16":{"start":{"line":102,"column":6},"end":{"line":119,"column":7}},"17":{"start":{"line":103,"column":25},"end":{"line":108,"column":9}},"18":{"start":{"line":110,"column":8},"end":{"line":118,"column":10}},"19":{"start":{"line":122,"column":35},"end":{"line":122,"column":82}},"20":{"start":{"line":124,"column":23},"end":{"line":129,"column":7}},"21":{"start":{"line":132,"column":22},"end":{"line":137,"column":7}},"22":{"start":{"line":139,"column":6},"end":{"line":148,"column":8}},"23":{"start":{"line":152,"column":25},"end":{"line":152,"column":70}},"24":{"start":{"line":153,"column":30},"end":{"line":153,"column":74}},"25":{"start":{"line":155,"column":25},"end":{"line":155,"column":76}},"26":{"start":{"line":156,"column":30},"end":{"line":156,"column":80}},"27":{"start":{"line":158,"column":16},"end":{"line":158,"column":28}},"28":{"start":{"line":159,"column":21},"end":{"line":159,"column":38}},"29":{"start":{"line":161,"column":4},"end":{"line":183,"column":5}},"30":{"start":{"line":162,"column":31},"end":{"line":167,"column":7}},"31":{"start":{"line":168,"column":6},"end":{"line":168,"column":82}},"32":{"start":{"line":169,"column":6},"end":{"line":169,"column":97}},"33":{"start":{"line":170,"column":11},"end":{"line":183,"column":5}},"34":{"start":{"line":171,"column":6},"end":{"line":176,"column":8}},"35":{"start":{"line":177,"column":6},"end":{"line":182,"column":8}},"36":{"start":{"line":186,"column":25},"end":{"line":186,"column":91}},"37":{"start":{"line":188,"column":4},"end":{"line":192,"column":6}},"38":{"start":{"line":195,"column":2},"end":{"line":199,"column":4}},"39":{"start":{"line":202,"column":15},"end":{"line":208,"column":2}}},"fnMap":{"0":{"name":"AnimatedCard","decl":{"start":{"line":37,"column":16},"end":{"line":37,"column":28}},"loc":{"start":{"line":49,"column":22},"end":{"line":200,"column":1}},"line":49},"1":{"name":"(anonymous_1)","decl":{"start":{"line":50,"column":41},"end":{"line":50,"column":42}},"loc":{"start":{"line":50,"column":47},"end":{"line":193,"column":3}},"line":50}},"branchMap":{"0":{"loc":{"start":{"line":90,"column":4},"end":{"line":96,"column":5}},"type":"if","locations":[{"start":{"line":90,"column":4},"end":{"line":96,"column":5}},{"start":{},"end":{}}],"line":90},"1":{"loc":{"start":{"line":100,"column":4},"end":{"line":149,"column":5}},"type":"if","locations":[{"start":{"line":100,"column":4},"end":{"line":149,"column":5}},{"start":{},"end":{}}],"line":100},"2":{"loc":{"start":{"line":102,"column":6},"end":{"line":119,"column":7}},"type":"if","locations":[{"start":{"line":102,"column":6},"end":{"line":119,"column":7}},{"start":{},"end":{}}],"line":102},"3":{"loc":{"start":{"line":122,"column":35},"end":{"line":122,"column":82}},"type":"cond-expr","locations":[{"start":{"line":122,"column":60},"end":{"line":122,"column":78}},{"start":{"line":122,"column":81},"end":{"line":122,"column":82}}],"line":122},"4":{"loc":{"start":{"line":161,"column":4},"end":{"line":183,"column":5}},"type":"if","locations":[{"start":{"line":161,"column":4},"end":{"line":183,"column":5}},{"start":{"line":170,"column":11},"end":{"line":183,"column":5}}],"line":161},"5":{"loc":{"start":{"line":170,"column":11},"end":{"line":183,"column":5}},"type":"if","locations":[{"start":{"line":170,"column":11},"end":{"line":183,"column":5}},{"start":{},"end":{}}],"line":170}},"s":{"0":0,"1":0,"2":0,"3":0,"4":0,"5":0,"6":0,"7":0,"8":0,"9":0,"10":0,"11":0,"12":0,"13":0,"14":0,"15":0,"16":0,"17":0,"18":0,"19":0,"20":0,"21":0,"22":0,"23":0,"24":0,"25":0,"26":0,"27":0,"28":0,"29":0,"30":0,"31":0,"32":0,"33":0,"34":0,"35":0,"36":0,"37":0,"38":0,"39":0},"f":{"0":0,"1":0},"b":{"0":[0,0],"1":[0,0],"2":[0,0],"3":[0,0],"4":[0,0],"5":[0,0]}}
,"/Users/dikshayadav/Code/instacard-sdk/components/cards/card-actions-drawer.tsx": {"path":"/Users/dikshayadav/Code/instacard-sdk/components/cards/card-actions-drawer.tsx","statementMap":{"0":{"start":{"line":21,"column":22},"end":{"line":21,"column":53}},"1":{"start":{"line":22,"column":22},"end":{"line":22,"column":52}},"2":{"start":{"line":23,"column":20},"end":{"line":23,"column":24}},"3":{"start":{"line":24,"column":25},"end":{"line":24,"column":28}},"4":{"start":{"line":25,"column":26},"end":{"line":25,"column":56}},"5":{"start":{"line":26,"column":17},"end":{"line":26,"column":19}},"6":{"start":{"line":27,"column":19},"end":{"line":27,"column":21}},"7":{"start":{"line":34,"column":49},"end":{"line":91,"column":1}},"8":{"start":{"line":93,"column":97},"end":{"line":100,"column":1}},"9":{"start":{"line":102,"column":16},"end":{"line":112,"column":10}},"10":{"start":{"line":131,"column":17},"end":{"line":131,"column":36}},"11":{"start":{"line":132,"column":19},"end":{"line":132,"column":49}},"12":{"start":{"line":133,"column":48},"end":{"line":133,"column":72}},"13":{"start":{"line":134,"column":46},"end":{"line":134,"column":86}},"14":{"start":{"line":135,"column":46},"end":{"line":135,"column":70}},"15":{"start":{"line":136,"column":46},"end":{"line":136,"column":70}},"16":{"start":{"line":137,"column":56},"end":{"line":137,"column":80}},"17":{"start":{"line":139,"column":21},"end":{"line":139,"column":55}},"18":{"start":{"line":139,"column":35},"end":{"line":139,"column":50}},"19":{"start":{"line":141,"column":23},"end":{"line":146,"column":29}},"20":{"start":{"line":142,"column":4},"end":{"line":144,"column":5}},"21":{"start":{"line":143,"column":6},"end":{"line":143,"column":23}},"22":{"start":{"line":145,"column":4},"end":{"line":145,"column":72}},"23":{"start":{"line":145,"column":32},"end":{"line":145,"column":58}},"24":{"start":{"line":148,"column":2},"end":{"line":154,"column":16}},"25":{"start":{"line":149,"column":4},"end":{"line":153,"column":5}},"26":{"start":{"line":150,"column":6},"end":{"line":150,"column":34}},"27":{"start":{"line":152,"column":6},"end":{"line":152,"column":34}},"28":{"start":{"line":156,"column":24},"end":{"line":158,"column":15}},"29":{"start":{"line":157,"column":4},"end":{"line":157,"column":14}},"30":{"start":{"line":160,"column":25},"end":{"line":163,"column":8}},"31":{"start":{"line":161,"column":4},"end":{"line":161,"column":49}},"32":{"start":{"line":162,"column":4},"end":{"line":162,"column":29}},"33":{"start":{"line":165,"column":2},"end":{"line":310,"column":4}},"34":{"start":{"line":175,"column":33},"end":{"line":175,"column":37}},"35":{"start":{"line":178,"column":10},"end":{"line":184,"column":12}},"36":{"start":{"line":198,"column":35},"end":{"line":198,"column":63}},"37":{"start":{"line":199,"column":16},"end":{"line":220,"column":18}},"38":{"start":{"line":205,"column":22},"end":{"line":205,"column":40}},"39":{"start":{"line":206,"column":22},"end":{"line":206,"column":43}},"40":{"start":{"line":227,"column":36},"end":{"line":227,"column":59}},"41":{"start":{"line":228,"column":14},"end":{"line":274,"column":16}},"42":{"start":{"line":234,"column":20},"end":{"line":234,"column":34}},"43":{"start":{"line":235,"column":20},"end":{"line":237,"column":21}},"44":{"start":{"line":236,"column":22},"end":{"line":236,"column":63}},"45":{"start":{"line":238,"column":20},"end":{"line":240,"column":21}},"46":{"start":{"line":239,"column":22},"end":{"line":239,"column":51}},"47":{"start":{"line":241,"column":20},"end":{"line":243,"column":21}},"48":{"start":{"line":242,"column":22},"end":{"line":242,"column":46}},"49":{"start":{"line":244,"column":20},"end":{"line":246,"column":21}},"50":{"start":{"line":245,"column":22},"end":{"line":245,"column":46}},"51":{"start":{"line":261,"column":24},"end":{"line":261,"column":44}},"52":{"start":{"line":262,"column":24},"end":{"line":262,"column":38}},"53":{"start":{"line":263,"column":24},"end":{"line":263,"column":50}},"54":{"start":{"line":281,"column":23},"end":{"line":281,"column":48}},"55":{"start":{"line":289,"column":10},"end":{"line":289,"column":34}},"56":{"start":{"line":297,"column":10},"end":{"line":297,"column":34}},"57":{"start":{"line":305,"column":10},"end":{"line":305,"column":39}},"58":{"start":{"line":315,"column":15},"end":{"line":403,"column":2}}},"fnMap":{"0":{"name":"CardActionsDrawer","decl":{"start":{"line":123,"column":16},"end":{"line":123,"column":33}},"loc":{"start":{"line":130,"column":27},"end":{"line":311,"column":1}},"line":130},"1":{"name":"(anonymous_1)","decl":{"start":{"line":139,"column":29},"end":{"line":139,"column":30}},"loc":{"start":{"line":139,"column":35},"end":{"line":139,"column":50}},"line":139},"2":{"name":"(anonymous_2)","decl":{"start":{"line":141,"column":31},"end":{"line":141,"column":32}},"loc":{"start":{"line":141,"column":37},"end":{"line":146,"column":3}},"line":141},"3":{"name":"(anonymous_3)","decl":{"start":{"line":145,"column":22},"end":{"line":145,"column":23}},"loc":{"start":{"line":145,"column":32},"end":{"line":145,"column":58}},"line":145},"4":{"name":"(anonymous_4)","decl":{"start":{"line":148,"column":12},"end":{"line":148,"column":13}},"loc":{"start":{"line":148,"column":18},"end":{"line":154,"column":3}},"line":148},"5":{"name":"(anonymous_5)","decl":{"start":{"line":156,"column":36},"end":{"line":156,"column":37}},"loc":{"start":{"line":156,"column":42},"end":{"line":158,"column":3}},"line":156},"6":{"name":"(anonymous_6)","decl":{"start":{"line":160,"column":37},"end":{"line":160,"column":38}},"loc":{"start":{"line":160,"column":59},"end":{"line":163,"column":3}},"line":160},"7":{"name":"(anonymous_7)","decl":{"start":{"line":175,"column":27},"end":{"line":175,"column":28}},"loc":{"start":{"line":175,"column":33},"end":{"line":175,"column":37}},"line":175},"8":{"name":"(anonymous_8)","decl":{"start":{"line":177,"column":29},"end":{"line":177,"column":30}},"loc":{"start":{"line":178,"column":10},"end":{"line":184,"column":12}},"line":178},"9":{"name":"(anonymous_9)","decl":{"start":{"line":197,"column":25},"end":{"line":197,"column":26}},"loc":{"start":{"line":197,"column":35},"end":{"line":221,"column":15}},"line":197},"10":{"name":"(anonymous_10)","decl":{"start":{"line":204,"column":29},"end":{"line":204,"column":30}},"loc":{"start":{"line":204,"column":35},"end":{"line":207,"column":21}},"line":204},"11":{"name":"(anonymous_11)","decl":{"start":{"line":226,"column":25},"end":{"line":226,"column":26}},"loc":{"start":{"line":226,"column":37},"end":{"line":275,"column":13}},"line":226},"12":{"name":"(anonymous_12)","decl":{"start":{"line":233,"column":27},"end":{"line":233,"column":28}},"loc":{"start":{"line":233,"column":33},"end":{"line":247,"column":19}},"line":233},"13":{"name":"(anonymous_13)","decl":{"start":{"line":260,"column":31},"end":{"line":260,"column":32}},"loc":{"start":{"line":260,"column":38},"end":{"line":264,"column":23}},"line":260},"14":{"name":"(anonymous_14)","decl":{"start":{"line":281,"column":17},"end":{"line":281,"column":18}},"loc":{"start":{"line":281,"column":23},"end":{"line":281,"column":48}},"line":281},"15":{"name":"(anonymous_15)","decl":{"start":{"line":288,"column":17},"end":{"line":288,"column":18}},"loc":{"start":{"line":289,"column":10},"end":{"line":289,"column":34}},"line":289},"16":{"name":"(anonymous_16)","decl":{"start":{"line":296,"column":17},"end":{"line":296,"column":18}},"loc":{"start":{"line":297,"column":10},"end":{"line":297,"column":34}},"line":297},"17":{"name":"(anonymous_17)","decl":{"start":{"line":304,"column":17},"end":{"line":304,"column":18}},"loc":{"start":{"line":305,"column":10},"end":{"line":305,"column":39}},"line":305}},"branchMap":{"0":{"loc":{"start":{"line":142,"column":4},"end":{"line":144,"column":5}},"type":"if","locations":[{"start":{"line":142,"column":4},"end":{"line":144,"column":5}},{"start":{},"end":{}}],"line":142},"1":{"loc":{"start":{"line":145,"column":11},"end":{"line":145,"column":71}},"type":"binary-expr","locations":[{"start":{"line":145,"column":11},"end":{"line":145,"column":59}},{"start":{"line":145,"column":63},"end":{"line":145,"column":71}}],"line":145},"2":{"loc":{"start":{"line":149,"column":4},"end":{"line":153,"column":5}},"type":"if","locations":[{"start":{"line":149,"column":4},"end":{"line":153,"column":5}},{"start":{"line":151,"column":11},"end":{"line":153,"column":5}}],"line":149},"3":{"loc":{"start":{"line":202,"column":46},"end":{"line":202,"column":84}},"type":"binary-expr","locations":[{"start":{"line":202,"column":46},"end":{"line":202,"column":56}},{"start":{"line":202,"column":60},"end":{"line":202,"column":84}}],"line":202},"4":{"loc":{"start":{"line":218,"column":21},"end":{"line":218,"column":76}},"type":"cond-expr","locations":[{"start":{"line":218,"column":34},"end":{"line":218,"column":69}},{"start":{"line":218,"column":72},"end":{"line":218,"column":76}}],"line":218},"5":{"loc":{"start":{"line":235,"column":20},"end":{"line":237,"column":21}},"type":"if","locations":[{"start":{"line":235,"column":20},"end":{"line":237,"column":21}},{"start":{},"end":{}}],"line":235},"6":{"loc":{"start":{"line":238,"column":20},"end":{"line":240,"column":21}},"type":"if","locations":[{"start":{"line":238,"column":20},"end":{"line":240,"column":21}},{"start":{},"end":{}}],"line":238},"7":{"loc":{"start":{"line":241,"column":20},"end":{"line":243,"column":21}},"type":"if","locations":[{"start":{"line":241,"column":20},"end":{"line":243,"column":21}},{"start":{},"end":{}}],"line":241},"8":{"loc":{"start":{"line":244,"column":20},"end":{"line":246,"column":21}},"type":"if","locations":[{"start":{"line":244,"column":20},"end":{"line":246,"column":21}},{"start":{},"end":{}}],"line":244},"9":{"loc":{"start":{"line":252,"column":21},"end":{"line":258,"column":21}},"type":"binary-expr","locations":[{"start":{"line":252,"column":21},"end":{"line":252,"column":34}},{"start":{"line":253,"column":22},"end":{"line":257,"column":24}}],"line":252}},"s":{"0":0,"1":0,"2":0,"3":0,"4":0,"5":0,"6":0,"7":0,"8":0,"9":0,"10":0,"11":0,"12":0,"13":0,"14":0,"15":0,"16":0,"17":0,"18":0,"19":0,"20":0,"21":0,"22":0,"23":0,"24":0,"25":0,"26":0,"27":0,"28":0,"29":0,"30":0,"31":0,"32":0,"33":0,"34":0,"35":0,"36":0,"37":0,"38":0,"39":0,"40":0,"41":0,"42":0,"43":0,"44":0,"45":0,"46":0,"47":0,"48":0,"49":0,"50":0,"51":0,"52":0,"53":0,"54":0,"55":0,"56":0,"57":0,"58":0},"f":{"0":0,"1":0,"2":0,"3":0,"4":0,"5":0,"6":0,"7":0,"8":0,"9":0,"10":0,"11":0,"12":0,"13":0,"14":0,"15":0,"16":0,"17":0},"b":{"0":[0,0],"1":[0,0],"2":[0,0],"3":[0,0],"4":[0,0],"5":[0,0],"6":[0,0],"7":[0,0],"8":[0,0],"9":[0,0]}}
,"/Users/dikshayadav/Code/instacard-sdk/components/cards/card-item.tsx": {"path":"/Users/dikshayadav/Code/instacard-sdk/components/cards/card-item.tsx","statementMap":{"0":{"start":{"line":13,"column":2},"end":{"line":33,"column":4}},"1":{"start":{"line":17,"column":8},"end":{"line":17,"column":22}},"2":{"start":{"line":18,"column":8},"end":{"line":18,"column":24}},"3":{"start":{"line":36,"column":15},"end":{"line":49,"column":2}}},"fnMap":{"0":{"name":"CardItem","decl":{"start":{"line":12,"column":16},"end":{"line":12,"column":24}},"loc":{"start":{"line":12,"column":66},"end":{"line":34,"column":1}},"line":12},"1":{"name":"(anonymous_1)","decl":{"start":{"line":16,"column":15},"end":{"line":16,"column":16}},"loc":{"start":{"line":16,"column":21},"end":{"line":19,"column":7}},"line":16}},"branchMap":{},"s":{"0":75,"1":9,"2":9,"3":2},"f":{"0":75,"1":9},"b":{},"_coverageSchema":"1a1c01bbd47fc00a2c39e90264f33305004495a9","hash":"bfeed46c5fad1a46a0192b8c896f0b3e8194f900"}
,"/Users/dikshayadav/Code/instacard-sdk/components/cards/card-list.tsx": {"path":"/Users/dikshayadav/Code/instacard-sdk/components/cards/card-list.tsx","statementMap":{"0":{"start":{"line":13,"column":2},"end":{"line":26,"column":4}},"1":{"start":{"line":20,"column":8},"end":{"line":20,"column":92}},"2":{"start":{"line":29,"column":15},"end":{"line":49,"column":2}}},"fnMap":{"0":{"name":"CardList","decl":{"start":{"line":12,"column":16},"end":{"line":12,"column":24}},"loc":{"start":{"line":12,"column":64},"end":{"line":27,"column":1}},"line":12},"1":{"name":"(anonymous_1)","decl":{"start":{"line":19,"column":17},"end":{"line":19,"column":18}},"loc":{"start":{"line":20,"column":8},"end":{"line":20,"column":92}},"line":20}},"branchMap":{},"s":{"0":21,"1":65,"2":1},"f":{"0":21,"1":65},"b":{},"_coverageSchema":"1a1c01bbd47fc00a2c39e90264f33305004495a9","hash":"bc744ef37b74d87a0c1445bd5154b09c227d5743"}
,"/Users/dikshayadav/Code/instacard-sdk/components/cards/card-stack.tsx": {"path":"/Users/dikshayadav/Code/instacard-sdk/components/cards/card-stack.tsx","statementMap":{"0":{"start":{"line":17,"column":32},"end":{"line":17,"column":56}},"1":{"start":{"line":20,"column":22},"end":{"line":27,"column":1}},"2":{"start":{"line":29,"column":25},"end":{"line":32,"column":1}},"3":{"start":{"line":34,"column":28},"end":{"line":37,"column":1}},"4":{"start":{"line":39,"column":26},"end":{"line":42,"column":1}},"5":{"start":{"line":44,"column":28},"end":{"line":44,"column":62}},"6":{"start":{"line":45,"column":27},"end":{"line":45,"column":45}},"7":{"start":{"line":62,"column":23},"end":{"line":62,"column":40}},"8":{"start":{"line":63,"column":23},"end":{"line":63,"column":40}},"9":{"start":{"line":64,"column":21},"end":{"line":64,"column":38}},"10":{"start":{"line":65,"column":26},"end":{"line":65,"column":47}},"11":{"start":{"line":66,"column":24},"end":{"line":66,"column":41}},"12":{"start":{"line":67,"column":24},"end":{"line":67,"column":41}},"13":{"start":{"line":68,"column":24},"end":{"line":68,"column":41}},"14":{"start":{"line":69,"column":20},"end":{"line":69,"column":41}},"15":{"start":{"line":72,"column":2},"end":{"line":77,"column":36}},"16":{"start":{"line":73,"column":4},"end":{"line":76,"column":7}},"17":{"start":{"line":80,"column":2},"end":{"line":110,"column":5}},"18":{"start":{"line":81,"column":4},"end":{"line":83,"column":5}},"19":{"start":{"line":82,"column":6},"end":{"line":82,"column":13}},"20":{"start":{"line":85,"column":22},"end":{"line":85,"column":75}},"21":{"start":{"line":85,"column":48},"end":{"line":85,"column":74}},"22":{"start":{"line":86,"column":4},"end":{"line":88,"column":5}},"23":{"start":{"line":87,"column":6},"end":{"line":87,"column":13}},"24":{"start":{"line":90,"column":4},"end":{"line":90,"column":28}},"25":{"start":{"line":91,"column":4},"end":{"line":91,"column":35}},"26":{"start":{"line":92,"column":4},"end":{"line":92,"column":27}},"27":{"start":{"line":93,"column":4},"end":{"line":93,"column":28}},"28":{"start":{"line":94,"column":4},"end":{"line":94,"column":25}},"29":{"start":{"line":95,"column":4},"end":{"line":95,"column":34}},"30":{"start":{"line":96,"column":4},"end":{"line":99,"column":7}},"31":{"start":{"line":113,"column":2},"end":{"line":120,"column":4}},"32":{"start":{"line":114,"column":10},"end":{"line":114,"column":28}},"33":{"start":{"line":116,"column":6},"end":{"line":118,"column":7}},"34":{"start":{"line":117,"column":8},"end":{"line":117,"column":39}},"35":{"start":{"line":122,"column":21},"end":{"line":188,"column":6}},"36":{"start":{"line":125,"column":6},"end":{"line":127,"column":7}},"37":{"start":{"line":126,"column":8},"end":{"line":126,"column":15}},"38":{"start":{"line":130,"column":6},"end":{"line":132,"column":7}},"39":{"start":{"line":131,"column":8},"end":{"line":131,"column":15}},"40":{"start":{"line":133,"column":6},"end":{"line":133,"column":46}},"41":{"start":{"line":134,"column":6},"end":{"line":142,"column":7}},"42":{"start":{"line":135,"column":25},"end":{"line":138,"column":9}},"43":{"start":{"line":139,"column":8},"end":{"line":139,"column":39}},"44":{"start":{"line":141,"column":8},"end":{"line":141,"column":32}},"45":{"start":{"line":145,"column":6},"end":{"line":147,"column":7}},"46":{"start":{"line":146,"column":8},"end":{"line":146,"column":15}},"47":{"start":{"line":149,"column":8},"end":{"line":150,"column":73}},"48":{"start":{"line":152,"column":26},"end":{"line":152,"column":71}},"49":{"start":{"line":153,"column":27},"end":{"line":153,"column":72}},"50":{"start":{"line":155,"column":6},"end":{"line":187,"column":7}},"51":{"start":{"line":156,"column":8},"end":{"line":156,"column":31}},"52":{"start":{"line":158,"column":8},"end":{"line":158,"column":79}},"53":{"start":{"line":159,"column":8},"end":{"line":166,"column":11}},"54":{"start":{"line":160,"column":10},"end":{"line":164,"column":11}},"55":{"start":{"line":161,"column":12},"end":{"line":161,"column":73}},"56":{"start":{"line":162,"column":12},"end":{"line":162,"column":35}},"57":{"start":{"line":163,"column":12},"end":{"line":163,"column":36}},"58":{"start":{"line":165,"column":10},"end":{"line":165,"column":34}},"59":{"start":{"line":167,"column":13},"end":{"line":187,"column":7}},"60":{"start":{"line":168,"column":8},"end":{"line":168,"column":31}},"61":{"start":{"line":170,"column":8},"end":{"line":170,"column":31}},"62":{"start":{"line":171,"column":8},"end":{"line":171,"column":32}},"63":{"start":{"line":173,"column":8},"end":{"line":173,"column":37}},"64":{"start":{"line":174,"column":8},"end":{"line":174,"column":41}},"65":{"start":{"line":175,"column":8},"end":{"line":175,"column":84}},"66":{"start":{"line":177,"column":8},"end":{"line":182,"column":11}},"67":{"start":{"line":178,"column":10},"end":{"line":180,"column":11}},"68":{"start":{"line":179,"column":12},"end":{"line":179,"column":42}},"69":{"start":{"line":181,"column":10},"end":{"line":181,"column":34}},"70":{"start":{"line":185,"column":8},"end":{"line":185,"column":58}},"71":{"start":{"line":186,"column":8},"end":{"line":186,"column":63}},"72":{"start":{"line":191,"column":23},"end":{"line":208,"column":14}},"73":{"start":{"line":193,"column":6},"end":{"line":206,"column":8}},"74":{"start":{"line":210,"column":2},"end":{"line":217,"column":4}},"75":{"start":{"line":220,"column":15},"end":{"line":230,"column":2}}},"fnMap":{"0":{"name":"CardStack","decl":{"start":{"line":55,"column":16},"end":{"line":55,"column":25}},"loc":{"start":{"line":61,"column":19},"end":{"line":218,"column":1}},"line":61},"1":{"name":"(anonymous_1)","decl":{"start":{"line":72,"column":12},"end":{"line":72,"column":13}},"loc":{"start":{"line":72,"column":18},"end":{"line":77,"column":3}},"line":72},"2":{"name":"(anonymous_2)","decl":{"start":{"line":80,"column":12},"end":{"line":80,"column":13}},"loc":{"start":{"line":80,"column":18},"end":{"line":100,"column":3}},"line":80},"3":{"name":"(anonymous_3)","decl":{"start":{"line":85,"column":38},"end":{"line":85,"column":39}},"loc":{"start":{"line":85,"column":48},"end":{"line":85,"column":74}},"line":85},"4":{"name":"(anonymous_4)","decl":{"start":{"line":114,"column":4},"end":{"line":114,"column":5}},"loc":{"start":{"line":114,"column":10},"end":{"line":114,"column":28}},"line":114},"5":{"name":"(anonymous_5)","decl":{"start":{"line":115,"column":4},"end":{"line":115,"column":5}},"loc":{"start":{"line":115,"column":27},"end":{"line":119,"column":5}},"line":115},"6":{"name":"(anonymous_6)","decl":{"start":{"line":124,"column":13},"end":{"line":124,"column":14}},"loc":{"start":{"line":124,"column":19},"end":{"line":128,"column":5}},"line":124},"7":{"name":"(anonymous_7)","decl":{"start":{"line":129,"column":14},"end":{"line":129,"column":15}},"loc":{"start":{"line":129,"column":25},"end":{"line":143,"column":5}},"line":129},"8":{"name":"(anonymous_8)","decl":{"start":{"line":144,"column":11},"end":{"line":144,"column":12}},"loc":{"start":{"line":144,"column":22},"end":{"line":188,"column":5}},"line":144},"9":{"name":"(anonymous_9)","decl":{"start":{"line":159,"column":65},"end":{"line":159,"column":66}},"loc":{"start":{"line":159,"column":79},"end":{"line":166,"column":9}},"line":159},"10":{"name":"(anonymous_10)","decl":{"start":{"line":177,"column":60},"end":{"line":177,"column":61}},"loc":{"start":{"line":177,"column":74},"end":{"line":182,"column":9}},"line":177},"11":{"name":"(anonymous_11)","decl":{"start":{"line":192,"column":9},"end":{"line":192,"column":10}},"loc":{"start":{"line":193,"column":6},"end":{"line":206,"column":8}},"line":193}},"branchMap":{"0":{"loc":{"start":{"line":59,"column":2},"end":{"line":59,"column":22}},"type":"default-arg","locations":[{"start":{"line":59,"column":17},"end":{"line":59,"column":22}}],"line":59},"1":{"loc":{"start":{"line":60,"column":2},"end":{"line":60,"column":23}},"type":"default-arg","locations":[{"start":{"line":60,"column":19},"end":{"line":60,"column":23}}],"line":60},"2":{"loc":{"start":{"line":73,"column":37},"end":{"line":73,"column":57}},"type":"cond-expr","locations":[{"start":{"line":73,"column":52},"end":{"line":73,"column":53}},{"start":{"line":73,"column":56},"end":{"line":73,"column":57}}],"line":73},"3":{"loc":{"start":{"line":81,"column":4},"end":{"line":83,"column":5}},"type":"if","locations":[{"start":{"line":81,"column":4},"end":{"line":83,"column":5}},{"start":{},"end":{}}],"line":81},"4":{"loc":{"start":{"line":86,"column":4},"end":{"line":88,"column":5}},"type":"if","locations":[{"start":{"line":86,"column":4},"end":{"line":88,"column":5}},{"start":{},"end":{}}],"line":86},"5":{"loc":{"start":{"line":116,"column":6},"end":{"line":118,"column":7}},"type":"if","locations":[{"start":{"line":116,"column":6},"end":{"line":118,"column":7}},{"start":{},"end":{}}],"line":116},"6":{"loc":{"start":{"line":116,"column":10},"end":{"line":116,"column":67}},"type":"binary-expr","locations":[{"start":{"line":116,"column":10},"end":{"line":116,"column":27}},{"start":{"line":116,"column":31},"end":{"line":116,"column":51}},{"start":{"line":116,"column":55},"end":{"line":116,"column":67}}],"line":116},"7":{"loc":{"start":{"line":125,"column":6},"end":{"line":127,"column":7}},"type":"if","locations":[{"start":{"line":125,"column":6},"end":{"line":127,"column":7}},{"start":{},"end":{}}],"line":125},"8":{"loc":{"start":{"line":130,"column":6},"end":{"line":132,"column":7}},"type":"if","locations":[{"start":{"line":130,"column":6},"end":{"line":132,"column":7}},{"start":{},"end":{}}],"line":130},"9":{"loc":{"start":{"line":134,"column":6},"end":{"line":142,"column":7}},"type":"if","locations":[{"start":{"line":134,"column":6},"end":{"line":142,"column":7}},{"start":{"line":140,"column":13},"end":{"line":142,"column":7}}],"line":134},"10":{"loc":{"start":{"line":145,"column":6},"end":{"line":147,"column":7}},"type":"if","locations":[{"start":{"line":145,"column":6},"end":{"line":147,"column":7}},{"start":{},"end":{}}],"line":145},"11":{"loc":{"start":{"line":149,"column":8},"end":{"line":150,"column":73}},"type":"binary-expr","locations":[{"start":{"line":149,"column":8},"end":{"line":149,"column":67}},{"start":{"line":150,"column":8},"end":{"line":150,"column":73}}],"line":149},"12":{"loc":{"start":{"line":152,"column":26},"end":{"line":152,"column":71}},"type":"binary-expr","locations":[{"start":{"line":152,"column":26},"end":{"line":152,"column":48}},{"start":{"line":152,"column":52},"end":{"line":152,"column":71}}],"line":152},"13":{"loc":{"start":{"line":153,"column":27},"end":{"line":153,"column":72}},"type":"binary-expr","locations":[{"start":{"line":153,"column":27},"end":{"line":153,"column":49}},{"start":{"line":153,"column":53},"end":{"line":153,"column":72}}],"line":153},"14":{"loc":{"start":{"line":155,"column":6},"end":{"line":187,"column":7}},"type":"if","locations":[{"start":{"line":155,"column":6},"end":{"line":187,"column":7}},{"start":{"line":167,"column":13},"end":{"line":187,"column":7}}],"line":155},"15":{"loc":{"start":{"line":155,"column":10},"end":{"line":155,"column":62}},"type":"binary-expr","locations":[{"start":{"line":155,"column":10},"end":{"line":155,"column":27}},{"start":{"line":155,"column":31},"end":{"line":155,"column":42}},{"start":{"line":155,"column":46},"end":{"line":155,"column":62}}],"line":155},"16":{"loc":{"start":{"line":160,"column":10},"end":{"line":164,"column":11}},"type":"if","locations":[{"start":{"line":160,"column":10},"end":{"line":164,"column":11}},{"start":{},"end":{}}],"line":160},"17":{"loc":{"start":{"line":167,"column":13},"end":{"line":187,"column":7}},"type":"if","locations":[{"start":{"line":167,"column":13},"end":{"line":187,"column":7}},{"start":{"line":183,"column":13},"end":{"line":187,"column":7}}],"line":167},"18":{"loc":{"start":{"line":167,"column":17},"end":{"line":167,"column":70}},"type":"binary-expr","locations":[{"start":{"line":167,"column":17},"end":{"line":167,"column":34}},{"start":{"line":167,"column":38},"end":{"line":167,"column":50}},{"start":{"line":167,"column":54},"end":{"line":167,"column":70}}],"line":167},"19":{"loc":{"start":{"line":178,"column":10},"end":{"line":180,"column":11}},"type":"if","locations":[{"start":{"line":178,"column":10},"end":{"line":180,"column":11}},{"start":{},"end":{}}],"line":178}},"s":{"0":0,"1":0,"2":0,"3":0,"4":0,"5":0,"6":0,"7":0,"8":0,"9":0,"10":0,"11":0,"12":0,"13":0,"14":0,"15":0,"16":0,"17":0,"18":0,"19":0,"20":0,"21":0,"22":0,"23":0,"24":0,"25":0,"26":0,"27":0,"28":0,"29":0,"30":0,"31":0,"32":0,"33":0,"34":0,"35":0,"36":0,"37":0,"38":0,"39":0,"40":0,"41":0,"42":0,"43":0,"44":0,"45":0,"46":0,"47":0,"48":0,"49":0,"50":0,"51":0,"52":0,"53":0,"54":0,"55":0,"56":0,"57":0,"58":0,"59":0,"60":0,"61":0,"62":0,"63":0,"64":0,"65":0,"66":0,"67":0,"68":0,"69":0,"70":0,"71":0,"72":0,"73":0,"74":0,"75":0},"f":{"0":0,"1":0,"2":0,"3":0,"4":0,"5":0,"6":0,"7":0,"8":0,"9":0,"10":0,"11":0},"b":{"0":[0],"1":[0],"2":[0,0],"3":[0,0],"4":[0,0],"5":[0,0],"6":[0,0,0],"7":[0,0],"8":[0,0],"9":[0,0],"10":[0,0],"11":[0,0],"12":[0,0],"13":[0,0],"14":[0,0],"15":[0,0,0],"16":[0,0],"17":[0,0],"18":[0,0,0],"19":[0,0]}}
[...]
column":8},"end":{"line":108,"column":16}},{"start":{"line":110,"column":8},"end":{"line":115,"column":16}},{"start":{"line":117,"column":8},"end":{"line":122,"column":16}},{"start":{"line":124,"column":8},"end":{"line":129,"column":16}},{"start":{"line":131,"column":8},"end":{"line":133,"column":16}}],"line":89},"6":{"loc":{"start":{"line":96,"column":10},"end":{"line":107,"column":11}},"type":"if","locations":[{"start":{"line":96,"column":10},"end":{"line":107,"column":11}},{"start":{},"end":{}}],"line":96},"7":{"loc":{"start":{"line":106,"column":29},"end":{"line":106,"column":78}},"type":"binary-expr","locations":[{"start":{"line":106,"column":29},"end":{"line":106,"column":63}},{"start":{"line":106,"column":67},"end":{"line":106,"column":78}}],"line":106},"8":{"loc":{"start":{"line":120,"column":19},"end":{"line":120,"column":85}},"type":"binary-expr","locations":[{"start":{"line":120,"column":19},"end":{"line":120,"column":29}},{"start":{"line":120,"column":33},"end":{"line":120,"column":85}}],"line":120},"9":{"loc":{"start":{"line":132,"column":19},"end":{"line":132,"column":61}},"type":"binary-expr","locations":[{"start":{"line":132,"column":19},"end":{"line":132,"column":38}},{"start":{"line":132,"column":42},"end":{"line":132,"column":61}}],"line":132},"10":{"loc":{"start":{"line":144,"column":4},"end":{"line":148,"column":5}},"type":"if","locations":[{"start":{"line":144,"column":4},"end":{"line":148,"column":5}},{"start":{},"end":{}}],"line":144},"11":{"loc":{"start":{"line":144,"column":8},"end":{"line":144,"column":50}},"type":"binary-expr","locations":[{"start":{"line":144,"column":8},"end":{"line":144,"column":28}},{"start":{"line":144,"column":32},"end":{"line":144,"column":50}}],"line":144},"12":{"loc":{"start":{"line":195,"column":13},"end":{"line":235,"column":13}},"type":"cond-expr","locations":[{"start":{"line":196,"column":14},"end":{"line":211,"column":21}},{"start":{"line":213,"column":14},"end":{"line":234,"column":16}}],"line":195},"13":{"loc":{"start":{"line":238,"column":13},"end":{"line":243,"column":13}},"type":"binary-expr","locations":[{"start":{"line":238,"column":13},"end":{"line":238,"column":22}},{"start":{"line":238,"column":26},"end":{"line":238,"column":32}},{"start":{"line":239,"column":14},"end":{"line":242,"column":21}}],"line":238}},"s":{"0":0,"1":0,"2":0,"3":0,"4":0,"5":0,"6":0,"7":0,"8":0,"9":0,"10":0,"11":0,"12":0,"13":0,"14":0,"15":0,"16":0,"17":0,"18":0,"19":0,"20":0,"21":0,"22":0,"23":0,"24":0,"25":0,"26":0,"27":0,"28":0,"29":0,"30":0,"31":0,"32":0,"33":0,"34":0,"35":0,"36":0,"37":0,"38":0,"39":0,"40":0,"41":0,"42":0,"43":0,"44":0,"45":0,"46":0,"47":0,"48":0,"49":0,"50":0,"51":0,"52":0,"53":0,"54":0,"55":0},"f":{"0":0,"1":0,"2":0,"3":0,"4":0,"5":0,"6":0,"7":0,"8":0,"9":0,"10":0,"11":0,"12":0},"b":{"0":[0,0],"1":[0,0],"2":[0,0],"3":[0,0],"4":[0,0],"5":[0,0,0,0,0,0],"6":[0,0],"7":[0,0],"8":[0,0],"9":[0,0],"10":[0,0],"11":[0,0],"12":[0,0],"13":[0,0,0]}}
,"/Users/dikshayadav/Code/instacard-sdk/components/ui/animated-toggle.tsx": {"path":"/Users/dikshayadav/Code/instacard-sdk/components/ui/animated-toggle.tsx","statementMap":{"0":{"start":{"line":20,"column":66},"end":{"line":23,"column":1}},"1":{"start":{"line":25,"column":12},"end":{"line":25,"column":13}},"2":{"start":{"line":26,"column":16},"end":{"line":26,"column":17}},"3":{"start":{"line":29,"column":40},"end":{"line":29,"column":51}},"4":{"start":{"line":30,"column":21},"end":{"line":30,"column":38}},"5":{"start":{"line":32,"column":23},"end":{"line":34,"column":3}},"6":{"start":{"line":33,"column":4},"end":{"line":33,"column":51}},"7":{"start":{"line":37,"column":4},"end":{"line":37,"column":63}},"8":{"start":{"line":39,"column":2},"end":{"line":45,"column":40}},"9":{"start":{"line":40,"column":18},"end":{"line":40,"column":45}},"10":{"start":{"line":41,"column":4},"end":{"line":44,"column":7}},"11":{"start":{"line":47,"column":25},"end":{"line":50,"column":5}},"12":{"start":{"line":47,"column":49},"end":{"line":50,"column":3}},"13":{"start":{"line":52,"column":2},"end":{"line":76,"column":4}},"14":{"start":{"line":56,"column":25},"end":{"line":56,"column":44}},"15":{"start":{"line":57,"column":8},"end":{"line":73,"column":10}},"16":{"start":{"line":62,"column":14},"end":{"line":62,"column":29}},"17":{"start":{"line":63,"column":14},"end":{"line":63,"column":34}},"18":{"start":{"line":79,"column":15},"end":{"line":114,"column":2}}},"fnMap":{"0":{"name":"AnimatedToggle","decl":{"start":{"line":28,"column":16},"end":{"line":28,"column":30}},"loc":{"start":{"line":28,"column":73},"end":{"line":77,"column":1}},"line":28},"1":{"name":"(anonymous_1)","decl":{"start":{"line":32,"column":23},"end":{"line":32,"column":24}},"loc":{"start":{"line":32,"column":53},"end":{"line":34,"column":3}},"line":32},"2":{"name":"(anonymous_2)","decl":{"start":{"line":39,"column":12},"end":{"line":39,"column":13}},"loc":{"start":{"line":39,"column":18},"end":{"line":45,"column":3}},"line":39},"3":{"name":"(anonymous_3)","decl":{"start":{"line":47,"column":42},"end":{"line":47,"column":43}},"loc":{"start":{"line":47,"column":49},"end":{"line":50,"column":3}},"line":47},"4":{"name":"(anonymous_4)","decl":{"start":{"line":55,"column":26},"end":{"line":55,"column":27}},"loc":{"start":{"line":55,"column":38},"end":{"line":74,"column":7}},"line":55},"5":{"name":"(anonymous_5)","decl":{"start":{"line":61,"column":21},"end":{"line":61,"column":22}},"loc":{"start":{"line":61,"column":27},"end":{"line":64,"column":13}},"line":61}},"branchMap":{"0":{"loc":{"start":{"line":37,"column":4},"end":{"line":37,"column":63}},"type":"cond-expr","locations":[{"start":{"line":37,"column":22},"end":{"line":37,"column":59}},{"start":{"line":37,"column":62},"end":{"line":37,"column":63}}],"line":37},"1":{"loc":{"start":{"line":40,"column":18},"end":{"line":40,"column":45}},"type":"cond-expr","locations":[{"start":{"line":40,"column":40},"end":{"line":40,"column":41}},{"start":{"line":40,"column":44},"end":{"line":40,"column":45}}],"line":40},"2":{"loc":{"start":{"line":69,"column":45},"end":{"line":69,"column":80}},"type":"binary-expr","locations":[{"start":{"line":69,"column":45},"end":{"line":69,"column":53}},{"start":{"line":69,"column":57},"end":{"line":69,"column":80}}],"line":69}},"s":{"0":2,"1":2,"2":2,"3":41,"4":41,"5":41,"6":2,"7":41,"8":41,"9":41,"10":41,"11":41,"12":41,"13":41,"14":82,"15":82,"16":11,"17":11,"18":2},"f":{"0":41,"1":2,"2":41,"3":41,"4":82,"5":11},"b":{"0":[1,40],"1":[33,8],"2":[82,41]},"_coverageSchema":"1a1c01bbd47fc00a2c39e90264f33305004495a9","hash":"735174dbc9fdbd2f6565ec7a95e14bb744279498"}
,"/Users/dikshayadav/Code/instacard-sdk/components/ui/collapsible.tsx": {"path":"/Users/dikshayadav/Code/instacard-sdk/components/ui/collapsible.tsx","statementMap":{"0":{"start":{"line":11,"column":30},"end":{"line":11,"column":45}},"1":{"start":{"line":12,"column":16},"end":{"line":12,"column":43}},"2":{"start":{"line":14,"column":2},"end":{"line":32,"column":4}},"3":{"start":{"line":18,"column":23},"end":{"line":18,"column":51}},"4":{"start":{"line":18,"column":44},"end":{"line":18,"column":50}},"5":{"start":{"line":35,"column":15},"end":{"line":45,"column":2}}},"fnMap":{"0":{"name":"Collapsible","decl":{"start":{"line":10,"column":16},"end":{"line":10,"column":27}},"loc":{"start":{"line":10,"column":88},"end":{"line":33,"column":1}},"line":10},"1":{"name":"(anonymous_1)","decl":{"start":{"line":18,"column":17},"end":{"line":18,"column":18}},"loc":{"start":{"line":18,"column":23},"end":{"line":18,"column":51}},"line":18},"2":{"name":"(anonymous_2)","decl":{"start":{"line":18,"column":33},"end":{"line":18,"column":34}},"loc":{"start":{"line":18,"column":44},"end":{"line":18,"column":50}},"line":18}},"branchMap":{"0":{"loc":{"start":{"line":12,"column":16},"end":{"line":12,"column":43}},"type":"binary-expr","locations":[{"start":{"line":12,"column":16},"end":{"line":12,"column":32}},{"start":{"line":12,"column":36},"end":{"line":12,"column":43}}],"line":12},"1":{"loc":{"start":{"line":24,"column":17},"end":{"line":24,"column":73}},"type":"cond-expr","locations":[{"start":{"line":24,"column":37},"end":{"line":24,"column":54}},{"start":{"line":24,"column":57},"end":{"line":24,"column":73}}],"line":24},"2":{"loc":{"start":{"line":25,"column":41},"end":{"line":25,"column":66}},"type":"cond-expr","locations":[{"start":{"line":25,"column":50},"end":{"line":25,"column":57}},{"start":{"line":25,"column":60},"end":{"line":25,"column":66}}],"line":25},"3":{"loc":{"start":{"line":30,"column":7},"end":{"line":30,"column":75}},"type":"binary-expr","locations":[{"start":{"line":30,"column":7},"end":{"line":30,"column":13}},{"start":{"line":30,"column":17},"end":{"line":30,"column":75}}],"line":30}},"s":{"0":0,"1":0,"2":0,"3":0,"4":0,"5":0},"f":{"0":0,"1":0,"2":0},"b":{"0":[0,0],"1":[0,0],"2":[0,0],"3":[0,0]}}
,"/Users/dikshayadav/Code/instacard-sdk/components/ui/error-boundary.tsx": {"path":"/Users/dikshayadav/Code/instacard-sdk/components/ui/error-boundary.tsx","statementMap":{"0":{"start":{"line":22,"column":4},"end":{"line":22,"column":17}},"1":{"start":{"line":23,"column":4},"end":{"line":23,"column":50}},"2":{"start":{"line":27,"column":4},"end":{"line":27,"column":37}},"3":{"start":{"line":32,"column":4},"end":{"line":34,"column":5}},"4":{"start":{"line":33,"column":6},"end":{"line":33,"column":72}},"5":{"start":{"line":37,"column":16},"end":{"line":39,"column":3}},"6":{"start":{"line":38,"column":4},"end":{"line":38,"column":52}},"7":{"start":{"line":42,"column":4},"end":{"line":69,"column":5}},"8":{"start":{"line":43,"column":6},"end":{"line":45,"column":7}},"9":{"start":{"line":44,"column":8},"end":{"line":44,"column":35}},"10":{"start":{"line":47,"column":6},"end":{"line":68,"column":8}},"11":{"start":{"line":71,"column":4},"end":{"line":71,"column":31}},"12":{"start":{"line":75,"column":15},"end":{"line":119,"column":2}}},"fnMap":{"0":{"name":"(anonymous_0)","decl":{"start":{"line":21,"column":2},"end":{"line":21,"column":3}},"loc":{"start":{"line":21,"column":41},"end":{"line":24,"column":3}},"line":21},"1":{"name":"(anonymous_1)","decl":{"start":{"line":26,"column":2},"end":{"line":26,"column":3}},"loc":{"start":{"line":26,"column":68},"end":{"line":28,"column":3}},"line":26},"2":{"name":"(anonymous_2)","decl":{"start":{"line":30,"column":2},"end":{"line":30,"column":3}},"loc":{"start":{"line":30,"column":62},"end":{"line":35,"column":3}},"line":30},"3":{"name":"(anonymous_3)","decl":{"start":{"line":37,"column":16},"end":{"line":37,"column":17}},"loc":{"start":{"line":37,"column":28},"end":{"line":39,"column":3}},"line":37},"4":{"name":"(anonymous_4)","decl":{"start":{"line":41,"column":2},"end":{"line":41,"column":3}},"loc":{"start":{"line":41,"column":22},"end":{"line":72,"column":3}},"line":41}},"branchMap":{"0":{"loc":{"start":{"line":32,"column":4},"end":{"line":34,"column":5}},"type":"if","locations":[{"start":{"line":32,"column":4},"end":{"line":34,"column":5}},{"start":{},"end":{}}],"line":32},"1":{"loc":{"start":{"line":42,"column":4},"end":{"line":69,"column":5}},"type":"if","locations":[{"start":{"line":42,"column":4},"end":{"line":69,"column":5}},{"start":{},"end":{}}],"line":42},"2":{"loc":{"start":{"line":43,"column":6},"end":{"line":45,"column":7}},"type":"if","locations":[{"start":{"line":43,"column":6},"end":{"line":45,"column":7}},{"start":{},"end":{}}],"line":43},"3":{"loc":{"start":{"line":54,"column":13},"end":{"line":56,"column":13}},"type":"binary-expr","locations":[{"start":{"line":54,"column":13},"end":{"line":54,"column":20}},{"start":{"line":54,"column":24},"end":{"line":54,"column":40}},{"start":{"line":55,"column":14},"end":{"line":55,"column":80}}],"line":54}},"s":{"0":0,"1":0,"2":0,"3":0,"4":0,"5":0,"6":0,"7":0,"8":0,"9":0,"10":0,"11":0,"12":0},"f":{"0":0,"1":0,"2":0,"3":0,"4":0},"b":{"0":[0,0],"1":[0,0],"2":[0,0],"3":[0,0,0]}}
,"/Users/dikshayadav/Code/instacard-sdk/components/ui/icon-symbol.ios.tsx": {"path":"/Users/dikshayadav/Code/instacard-sdk/components/ui/icon-symbol.ios.tsx","statementMap":{"0":{"start":{"line":17,"column":2},"end":{"line":31,"column":4}}},"fnMap":{"0":{"name":"IconSymbol","decl":{"start":{"line":4,"column":16},"end":{"line":4,"column":26}},"loc":{"start":{"line":16,"column":3},"end":{"line":32,"column":1}},"line":16}},"branchMap":{"0":{"loc":{"start":{"line":6,"column":2},"end":{"line":6,"column":11}},"type":"default-arg","locations":[{"start":{"line":6,"column":9},"end":{"line":6,"column":11}}],"line":6},"1":{"loc":{"start":{"line":9,"column":2},"end":{"line":9,"column":20}},"type":"default-arg","locations":[{"start":{"line":9,"column":11},"end":{"line":9,"column":20}}],"line":9}},"s":{"0":0},"f":{"0":0},"b":{"0":[0],"1":[0]}}
,"/Users/dikshayadav/Code/instacard-sdk/components/ui/icon-symbol.tsx": {"path":"/Users/dikshayadav/Code/instacard-sdk/components/ui/icon-symbol.tsx","statementMap":{"0":{"start":{"line":16,"column":16},"end":{"line":38,"column":16}},"1":{"start":{"line":57,"column":2},"end":{"line":57,"column":88}}},"fnMap":{"0":{"name":"IconSymbol","decl":{"start":{"line":45,"column":16},"end":{"line":45,"column":26}},"loc":{"start":{"line":56,"column":3},"end":{"line":58,"column":1}},"line":56}},"branchMap":{"0":{"loc":{"start":{"line":47,"column":2},"end":{"line":47,"column":11}},"type":"default-arg","locations":[{"start":{"line":47,"column":9},"end":{"line":47,"column":11}}],"line":47}},"s":{"0":0,"1":0},"f":{"0":0},"b":{"0":[0]}}
,"/Users/dikshayadav/Code/instacard-sdk/components/ui/loading-screen.tsx": {"path":"/Users/dikshayadav/Code/instacard-sdk/components/ui/loading-screen.tsx","statementMap":{"0":{"start":{"line":14,"column":2},"end":{"line":25,"column":4}},"1":{"start":{"line":28,"column":15},"end":{"line":35,"column":2}}},"fnMap":{"0":{"name":"LoadingScreen","decl":{"start":{"line":13,"column":16},"end":{"line":13,"column":29}},"loc":{"start":{"line":13,"column":71},"end":{"line":26,"column":1}},"line":13}},"branchMap":{"0":{"loc":{"start":{"line":18,"column":8},"end":{"line":18,"column":57}},"type":"cond-expr","locations":[{"start":{"line":18,"column":26},"end":{"line":18,"column":45}},{"start":{"line":18,"column":48},"end":{"line":18,"column":57}}],"line":18}},"s":{"0":0,"1":0},"f":{"0":0},"b":{"0":[0,0]}}
,"/Users/dikshayadav/Code/instacard-sdk/components/ui/sheet-container.tsx": {"path":"/Users/dikshayadav/Code/instacard-sdk/components/ui/sheet-container.tsx","statementMap":{"0":{"start":{"line":16,"column":2},"end":{"line":16,"column":63}},"1":{"start":{"line":19,"column":15},"end":{"line":28,"column":2}}},"fnMap":{"0":{"name":"SheetContainer","decl":{"start":{"line":15,"column":16},"end":{"line":15,"column":30}},"loc":{"start":{"line":15,"column":73},"end":{"line":17,"column":1}},"line":15}},"branchMap":{},"s":{"0":0,"1":0},"f":{"0":0},"b":{}}
,"/Users/dikshayadav/Code/instacard-sdk/constants/cards.ts": {"path":"/Users/dikshayadav/Code/instacard-sdk/constants/cards.ts","statementMap":{"0":{"start":{"line":8,"column":63},"end":{"line":14,"column":1}},"1":{"start":{"line":30,"column":31},"end":{"line":30,"column":69}},"2":{"start":{"line":31,"column":47},"end":{"line":36,"column":1}},"3":{"start":{"line":39,"column":37},"end":{"line":49,"column":2}},"4":{"start":{"line":40,"column":19},"end":{"line":40,"column":56}},"5":{"start":{"line":41,"column":22},"end":{"line":41,"column":42}},"6":{"start":{"line":42,"column":2},"end":{"line":48,"column":4}}},"fnMap":{"0":{"name":"(anonymous_0)","decl":{"start":{"line":39,"column":64},"end":{"line":39,"column":65}},"loc":{"start":{"line":39,"column":78},"end":{"line":49,"column":1}},"line":39}},"branchMap":{},"s":{"0":2,"1":2,"2":2,"3":2,"4":30,"5":30,"6":30},"f":{"0":30},"b":{},"_coverageSchema":"1a1c01bbd47fc00a2c39e90264f33305004495a9","hash":"660d8e1ef667ba44711104414d61b56f2d408e4d"}
,"/Users/dikshayadav/Code/instacard-sdk/constants/colors.ts": {"path":"/Users/dikshayadav/Code/instacard-sdk/constants/colors.ts","statementMap":{"0":{"start":{"line":6,"column":31},"end":{"line":35,"column":1}}},"fnMap":{},"branchMap":{},"s":{"0":5},"f":{},"b":{},"_coverageSchema":"1a1c01bbd47fc00a2c39e90264f33305004495a9","hash":"e1d6123a065e69598e7c45f816de747d36a17417"}
,"/Users/dikshayadav/Code/instacard-sdk/constants/fonts.ts": {"path":"/Users/dikshayadav/Code/instacard-sdk/constants/fonts.ts","statementMap":{"0":{"start":{"line":1,"column":24},"end":{"line":7,"column":10}}},"fnMap":{},"branchMap":{},"s":{"0":0},"f":{},"b":{}}
,"/Users/dikshayadav/Code/instacard-sdk/constants/theme.ts": {"path":"/Users/dikshayadav/Code/instacard-sdk/constants/theme.ts","statementMap":{"0":{"start":{"line":8,"column":23},"end":{"line":8,"column":32}},"1":{"start":{"line":9,"column":22},"end":{"line":9,"column":28}},"2":{"start":{"line":11,"column":22},"end":{"line":28,"column":1}},"3":{"start":{"line":30,"column":21},"end":{"line":53,"column":2}}},"fnMap":{},"branchMap":{},"s":{"0":3,"1":3,"2":3,"3":3},"f":{},"b":{},"_coverageSchema":"1a1c01bbd47fc00a2c39e90264f33305004495a9","hash":"fe53e8aea8ad01cd90c110a80ecd2767372a86f3"}
,"/Users/dikshayadav/Code/instacard-sdk/hooks/use-color-scheme.ts": {"path":"/Users/dikshayadav/Code/instacard-sdk/hooks/use-color-scheme.ts","statementMap":{},"fnMap":{},"branchMap":{},"s":{},"f":{},"b":{},"_coverageSchema":"1a1c01bbd47fc00a2c39e90264f33305004495a9","hash":"9d66444dbc89ee121799bac50c5ad7bfd83187ee"}
,"/Users/dikshayadav/Code/instacard-sdk/hooks/use-color-scheme.web.ts": {"path":"/Users/dikshayadav/Code/instacard-sdk/hooks/use-color-scheme.web.ts","statementMap":{"0":{"start":{"line":8,"column":40},"end":{"line":8,"column":55}},"1":{"start":{"line":10,"column":2},"end":{"line":12,"column":9}},"2":{"start":{"line":11,"column":4},"end":{"line":11,"column":25}},"3":{"start":{"line":14,"column":22},"end":{"line":14,"column":40}},"4":{"start":{"line":16,"column":2},"end":{"line":18,"column":3}},"5":{"start":{"line":17,"column":4},"end":{"line":17,"column":23}},"6":{"start":{"line":20,"column":2},"end":{"line":20,"column":17}}},"fnMap":{"0":{"name":"useColorScheme","decl":{"start":{"line":7,"column":16},"end":{"line":7,"column":30}},"loc":{"start":{"line":7,"column":33},"end":{"line":21,"column":1}},"line":7},"1":{"name":"(anonymous_1)","decl":{"start":{"line":10,"column":12},"end":{"line":10,"column":13}},"loc":{"start":{"line":10,"column":18},"end":{"line":12,"column":3}},"line":10}},"branchMap":{"0":{"loc":{"start":{"line":16,"column":2},"end":{"line":18,"column":3}},"type":"if","locations":[{"start":{"line":16,"column":2},"end":{"line":18,"column":3}},{"start":{},"end":{}}],"line":16}},"s":{"0":0,"1":0,"2":0,"3":0,"4":0,"5":0,"6":0},"f":{"0":0,"1":0},"b":{"0":[0,0]}}
,"/Users/dikshayadav/Code/instacard-sdk/hooks/use-theme-color.ts": {"path":"/Users/dikshayadav/Code/instacard-sdk/hooks/use-theme-color.ts","statementMap":{"0":{"start":{"line":13,"column":16},"end":{"line":13,"column":43}},"1":{"start":{"line":14,"column":25},"end":{"line":14,"column":37}},"2":{"start":{"line":16,"column":2},"end":{"line":20,"column":3}},"3":{"start":{"line":17,"column":4},"end":{"line":17,"column":26}},"4":{"start":{"line":19,"column":4},"end":{"line":19,"column":36}}},"fnMap":{"0":{"name":"useThemeColor","decl":{"start":{"line":9,"column":16},"end":{"line":9,"column":29}},"loc":{"start":{"line":12,"column":2},"end":{"line":21,"column":1}},"line":12}},"branchMap":{"0":{"loc":{"start":{"line":13,"column":16},"end":{"line":13,"column":43}},"type":"binary-expr","locations":[{"start":{"line":13,"column":16},"end":{"line":13,"column":32}},{"start":{"line":13,"column":36},"end":{"line":13,"column":43}}],"line":13},"1":{"loc":{"start":{"line":16,"column":2},"end":{"line":20,"column":3}},"type":"if","locations":[{"start":{"line":16,"column":2},"end":{"line":20,"column":3}},{"start":{"line":18,"column":9},"end":{"line":20,"column":3}}],"line":16}},"s":{"0":19,"1":19,"2":19,"3":5,"4":14},"f":{"0":19},"b":{"0":[19,1],"1":[5,14]},"_coverageSchema":"1a1c01bbd47fc00a2c39e90264f33305004495a9","hash":"5a8f0932bc1966e226910de2761b1734180671d0"}
}
