TN:
SF:app/_layout.tsx
FN:18,RootLayout
FNF:1
FNH:0
FNDA:0,RootLayout
DA:14,0
DA:19,0
DA:20,0
DA:28,0
DA:29,0
DA:32,0
LF:6
LH:0
BRDA:28,0,0,0
BRDA:28,0,1,0
BRDA:36,1,0,0
BRDA:36,1,1,0
BRF:4
BRH:0
end_of_record
TN:
SF:app/add-instacard-debit.tsx
FN:19,AddInstacardDebitScreen
FN:28,(anonymous_1)
FN:31,(anonymous_2)
FN:34,(anonymous_3)
FN:49,(anonymous_4)
FN:56,(anonymous_5)
FN:75,(anonymous_6)
FN:84,(anonymous_7)
FN:84,(anonymous_8)
FN:104,(anonymous_9)
FNF:10
FNH:0
FNDA:0,AddInstacardDebitScreen
FNDA:0,(anonymous_1)
FNDA:0,(anonymous_2)
FNDA:0,(anonymous_3)
FNDA:0,(anonymous_4)
FNDA:0,(anonymous_5)
FNDA:0,(anonymous_6)
FNDA:0,(anonymous_7)
FNDA:0,(anonymous_8)
FNDA:0,(anonymous_9)
DA:9,0
DA:11,0
DA:20,0
DA:21,0
DA:22,0
DA:24,0
DA:50,0
DA:51,0
DA:56,0
DA:76,0
DA:84,0
DA:104,0
DA:117,0
LF:13
LH:0
BRDA:54,0,0,0
BRDA:54,0,1,0
BRDA:62,1,0,0
BRDA:62,1,1,0
BRDA:63,2,0,0
BRDA:63,2,1,0
BRDA:89,3,0,0
BRDA:89,3,1,0
BRDA:90,4,0,0
BRDA:90,4,1,0
BRDA:101,5,0,0
BRDA:101,5,1,0
BRF:12
BRH:0
end_of_record
TN:
SF:app/add-instacard-otp.tsx
FN:17,AddInstacardOtpScreen
FN:20,(anonymous_1)
FN:21,(anonymous_2)
FN:24,(anonymous_3)
FN:26,(anonymous_4)
FN:32,(anonymous_5)
FN:44,(anonymous_6)
FN:47,(anonymous_7)
FN:50,(anonymous_8)
FN:71,(anonymous_9)
FN:102,(anonymous_10)
FN:104,(anonymous_11)
FN:113,(anonymous_12)
FNF:13
FNH:0
FNDA:0,AddInstacardOtpScreen
FNDA:0,(anonymous_1)
FNDA:0,(anonymous_2)
FNDA:0,(anonymous_3)
FNDA:0,(anonymous_4)
FNDA:0,(anonymous_5)
FNDA:0,(anonymous_6)
FNDA:0,(anonymous_7)
FNDA:0,(anonymous_8)
FNDA:0,(anonymous_9)
FNDA:0,(anonymous_10)
FNDA:0,(anonymous_11)
FNDA:0,(anonymous_12)
DA:8,0
DA:10,0
DA:18,0
DA:20,0
DA:21,0
DA:24,0
DA:25,0
DA:26,0
DA:27,0
DA:29,0
DA:30,0
DA:32,0
DA:33,0
DA:34,0
DA:36,0
DA:40,0
DA:72,0
DA:103,0
DA:105,0
DA:106,0
DA:108,0
DA:113,0
DA:129,0
LF:23
LH:0
BRDA:21,0,0,0
BRDA:21,0,1,0
BRDA:25,1,0,0
BRDA:25,1,1,0
BRDA:29,2,0,0
BRDA:29,2,1,0
BRDA:33,3,0,0
BRDA:33,3,1,0
BRDA:79,4,0,0
BRDA:79,4,1,0
BRDA:105,5,0,0
BRDA:105,5,1,0
BRDA:111,6,0,0
BRDA:111,6,1,0
BRDA:115,7,0,0
BRDA:115,7,1,0
BRDA:117,8,0,0
BRDA:117,8,1,0
BRF:18
BRH:0
end_of_record
TN:
SF:app/add-instacard-type.tsx
FN:16,AddInstacardTypeScreen
FN:26,(anonymous_1)
FN:29,(anonymous_2)
FN:32,(anonymous_3)
FN:47,(anonymous_4)
FN:54,(anonymous_5)
FN:73,(anonymous_6)
FNF:7
FNH:0
FNDA:0,AddInstacardTypeScreen
FNDA:0,(anonymous_1)
FNDA:0,(anonymous_2)
FNDA:0,(anonymous_3)
FNDA:0,(anonymous_4)
FNDA:0,(anonymous_5)
FNDA:0,(anonymous_6)
DA:9,0
DA:17,0
DA:18,0
DA:22,0
DA:48,0
DA:49,0
DA:54,0
DA:73,0
DA:85,0
LF:9
LH:0
BRDA:52,0,0,0
BRDA:52,0,1,0
BRDA:60,1,0,0
BRDA:60,1,1,0
BRDA:61,2,0,0
BRDA:61,2,1,0
BRF:6
BRH:0
end_of_record
TN:
SF:app/card-detail.tsx
FN:34,CardDetailScreen
FN:39,(anonymous_1)
FN:40,(anonymous_2)
FN:43,(anonymous_3)
FN:47,(anonymous_4)
FN:106,(anonymous_5)
FN:114,(anonymous_6)
FNF:7
FNH:0
FNDA:0,CardDetailScreen
FNDA:0,(anonymous_1)
FNDA:0,(anonymous_2)
FNDA:0,(anonymous_3)
FNDA:0,(anonymous_4)
FNDA:0,(anonymous_5)
FNDA:0,(anonymous_6)
DA:19,0
DA:35,0
DA:36,0
DA:37,0
DA:39,0
DA:40,0
DA:43,0
DA:47,0
DA:48,0
DA:51,0
DA:107,0
DA:114,0
DA:141,0
LF:13
LH:0
BRDA:40,0,0,0
BRDA:40,0,1,0
BRF:2
BRH:0
end_of_record
TN:
SF:app/cards.tsx
FN:17,CardsScreen
FN:24,(anonymous_1)
FN:28,(anonymous_2)
FN:43,(anonymous_3)
FN:49,(anonymous_4)
FN:56,(anonymous_5)
FN:62,(anonymous_6)
FN:74,(anonymous_7)
FN:77,(anonymous_8)
FN:80,(anonymous_9)
FN:91,(anonymous_10)
FN:127,(anonymous_11)
FN:130,(anonymous_12)
FN:140,(anonymous_13)
FN:141,(anonymous_14)
FN:142,(anonymous_15)
FNF:16
FNH:0
FNDA:0,CardsScreen
FNDA:0,(anonymous_1)
FNDA:0,(anonymous_2)
FNDA:0,(anonymous_3)
FNDA:0,(anonymous_4)
FNDA:0,(anonymous_5)
FNDA:0,(anonymous_6)
FNDA:0,(anonymous_7)
FNDA:0,(anonymous_8)
FNDA:0,(anonymous_9)
FNDA:0,(anonymous_10)
FNDA:0,(anonymous_11)
FNDA:0,(anonymous_12)
FNDA:0,(anonymous_13)
FNDA:0,(anonymous_14)
FNDA:0,(anonymous_15)
DA:18,0
DA:19,0
DA:20,0
DA:21,0
DA:22,0
DA:24,0
DA:25,0
DA:28,0
DA:29,0
DA:31,0
DA:32,0
DA:37,0
DA:38,0
DA:43,0
DA:44,0
DA:45,0
DA:49,0
DA:51,0
DA:52,0
DA:56,0
DA:57,0
DA:62,0
DA:63,0
DA:65,0
DA:68,0
DA:131,0
DA:140,0
DA:141,0
DA:157,0
LF:29
LH:0
BRDA:31,0,0,0
BRDA:31,0,1,0
BRDA:31,1,0,0
BRDA:31,1,1,0
BRDA:37,2,0,0
BRDA:37,2,1,0
BRDA:51,3,0,0
BRDA:51,3,1,0
BRDA:51,4,0,0
BRDA:51,4,1,0
BRDA:73,5,0,0
BRDA:73,5,1,0
BRDA:104,6,0,0
BRDA:104,6,1,0
BRDA:105,7,0,0
BRDA:105,7,1,0
BRDA:139,8,0,0
BRDA:139,8,1,0
BRF:18
BRH:0
end_of_record
TN:
SF:app/modal.tsx
FN:7,ModalScreen
FNF:1
FNH:0
FNDA:0,ModalScreen
DA:8,0
DA:18,0
LF:2
LH:0
BRF:0
BRH:0
end_of_record
TN:
SF:app/scan.tsx
FN:22,ScanScreen
FN:32,(anonymous_1)
FN:43,(anonymous_2)
FN:47,(anonymous_3)
FN:52,(anonymous_4)
FN:73,(anonymous_5)
FN:78,(anonymous_6)
FN:139,(anonymous_7)
FN:157,(anonymous_8)
FNF:9
FNH:0
FNDA:0,ScanScreen
FNDA:0,(anonymous_1)
FNDA:0,(anonymous_2)
FNDA:0,(anonymous_3)
FNDA:0,(anonymous_4)
FNDA:0,(anonymous_5)
FNDA:0,(anonymous_6)
FNDA:0,(anonymous_7)
FNDA:0,(anonymous_8)
DA:19,0
DA:20,0
DA:23,0
DA:24,0
DA:25,0
DA:26,0
DA:29,0
DA:32,0
DA:33,0
DA:43,0
DA:47,0
DA:48,0
DA:49,0
DA:52,0
DA:53,0
DA:55,0
DA:57,0
DA:58,0
DA:61,0
DA:67,0
DA:68,0
DA:69,0
DA:73,0
DA:74,0
DA:75,0
DA:78,0
DA:79,0
DA:80,0
DA:84,0
DA:85,0
DA:95,0
DA:96,0
DA:115,0
DA:140,0
DA:158,0
DA:159,0
DA:233,0
DA:234,0
DA:235,0
DA:237,0
LF:40
LH:0
BRDA:57,0,0,0
BRDA:57,0,1,0
BRDA:67,1,0,0
BRDA:67,1,1,0
BRDA:67,2,0,0
BRDA:67,2,1,0
BRDA:67,2,2,0
BRDA:78,3,0,0
BRDA:79,4,0,0
BRDA:79,4,1,0
BRDA:84,5,0,0
BRDA:84,5,1,0
BRDA:95,6,0,0
BRDA:95,6,1,0
BRDA:153,7,0,0
BRDA:153,7,1,0
BRDA:165,8,0,0
BRDA:165,8,1,0
BRDA:166,9,0,0
BRDA:166,9,1,0
BRDA:189,10,0,0
BRDA:189,10,1,0
BRDA:215,11,0,0
BRDA:215,11,1,0
BRDA:216,12,0,0
BRDA:216,12,1,0
BRDA:223,13,0,0
BRDA:223,13,1,0
BRDA:249,14,0,0
BRDA:249,14,1,0
BRDA:366,15,0,0
BRDA:366,15,1,0
BRF:32
BRH:0
end_of_record
TN:
SF:app/(tabs)/_layout.tsx
FN:9,TabLayout
FN:23,(anonymous_1)
FN:30,(anonymous_2)
FNF:3
FNH:0
FNDA:0,TabLayout
FNDA:0,(anonymous_1)
FNDA:0,(anonymous_2)
DA:10,0
DA:12,0
DA:23,0
DA:30,0
LF:4
LH:0
BRDA:15,0,0,0
BRDA:15,0,1,0
BRF:2
BRH:0
end_of_record
TN:
SF:app/(tabs)/explore.tsx
FN:12,TabTwoScreen
FNF:1
FNH:0
FNDA:0,TabTwoScreen
DA:13,0
DA:101,0
LF:2
LH:0
BRF:0
BRH:0
end_of_record
TN:
SF:app/(tabs)/index.tsx
FN:6,HomeScreen
FN:11,(anonymous_1)
FNF:2
FNH:0
FNDA:0,HomeScreen
FNDA:0,(anonymous_1)
DA:7,0
DA:9,0
DA:11,0
DA:18,0
LF:4
LH:0
BRF:0
BRH:0
end_of_record
TN:
SF:components/external-link.tsx
FN:7,ExternalLink
FN:13,(anonymous_1)
FNF:2
FNH:0
FNDA:0,ExternalLink
FNDA:0,(anonymous_1)
DA:8,0
DA:14,0
DA:16,0
DA:18,0
LF:4
LH:0
BRDA:14,0,0,0
BRDA:14,0,1,0
BRF:2
BRH:0
end_of_record
TN:
SF:components/haptic-tab.tsx
FN:5,HapticTab
FN:9,(anonymous_1)
FNF:2
FNH:0
FNDA:0,HapticTab
FNDA:0,(anonymous_1)
DA:6,0
DA:10,0
DA:12,0
DA:14,0
LF:4
LH:0
BRDA:10,0,0,0
BRDA:10,0,1,0
BRF:2
BRH:0
end_of_record
TN:
SF:components/hello-wave.tsx
FN:3,HelloWave
FNF:1
FNH:0
FNDA:0,HelloWave
DA:4,0
LF:1
LH:0
BRF:0
BRH:0
end_of_record
TN:
SF:components/parallax-scroll-view.tsx
FN:21,ParallaxScrollView
FN:30,(anonymous_1)
FNF:2
FNH:0
FNDA:0,ParallaxScrollView
FNDA:0,(anonymous_1)
DA:14,0
DA:26,0
DA:27,0
DA:28,0
DA:29,0
DA:30,0
DA:31,0
DA:47,0
DA:65,0
LF:9
LH:0
BRDA:27,0,0,0
BRDA:27,0,1,0
BRF:2
BRH:0
end_of_record
TN:
SF:components/themed-text.tsx
FN:11,ThemedText
FNF:1
FNH:1
FNDA:7,ThemedText
DA:18,7
DA:20,7
DA:36,1
LF:3
LH:3
BRDA:15,0,0,3
BRDA:24,1,0,3
BRDA:24,1,1,4
BRDA:25,2,0,1
BRDA:25,2,1,6
BRDA:26,3,0,1
BRDA:26,3,1,6
BRDA:27,4,0,1
BRDA:27,4,1,6
BRDA:28,5,0,1
BRDA:28,5,1,6
BRF:11
BRH:11
end_of_record
TN:
SF:components/themed-view.tsx
FN:10,ThemedView
FNF:1
FNH:1
FNDA:31,ThemedView
DA:11,31
DA:13,31
LF:2
LH:2
BRF:0
BRH:0
end_of_record
TN:
SF:components/Modals/FAQModal.tsx
FN:30,FAQModal
FN:32,(anonymous_1)
FN:34,(anonymous_2)
FN:51,(anonymous_3)
FN:66,(anonymous_4)
FN:83,(anonymous_5)
FNF:6
FNH:0
FNDA:0,FAQModal
FNDA:0,(anonymous_1)
FNDA:0,(anonymous_2)
FNDA:0,(anonymous_3)
FNDA:0,(anonymous_4)
FNDA:0,(anonymous_5)
DA:13,0
DA:31,0
DA:32,0
DA:34,0
DA:35,0
DA:36,0
DA:38,0
DA:42,0
DA:51,0
DA:67,0
DA:68,0
DA:84,0
DA:96,0
LF:13
LH:0
BRDA:30,0,0,0
BRDA:35,1,0,0
BRDA:35,1,1,0
BRF:3
BRH:0
end_of_record
TN:
SF:components/cards/animated-card.tsx
FN:37,AnimatedCard
FN:50,(anonymous_1)
FNF:2
FNH:0
FNDA:0,AnimatedCard
FNDA:0,(anonymous_1)
DA:12,0
DA:15,0
DA:50,0
DA:52,0
DA:53,0
DA:54,0
DA:57,0
DA:58,0
DA:64,0
DA:70,0
DA:76,0
DA:82,0
DA:90,0
DA:91,0
DA:98,0
DA:100,0
DA:102,0
DA:103,0
DA:110,0
DA:122,0
DA:124,0
DA:132,0
DA:139,0
DA:152,0
DA:153,0
DA:155,0
DA:156,0
DA:158,0
DA:159,0
DA:161,0
DA:162,0
DA:168,0
DA:169,0
DA:170,0
DA:171,0
DA:177,0
DA:186,0
DA:188,0
DA:195,0
DA:202,0
LF:40
LH:0
BRDA:90,0,0,0
BRDA:90,0,1,0
BRDA:100,1,0,0
BRDA:100,1,1,0
BRDA:102,2,0,0
BRDA:102,2,1,0
BRDA:122,3,0,0
BRDA:122,3,1,0
BRDA:161,4,0,0
BRDA:161,4,1,0
BRDA:170,5,0,0
BRDA:170,5,1,0
BRF:12
BRH:0
end_of_record
TN:
SF:components/cards/card-actions-drawer.tsx
FN:123,CardActionsDrawer
FN:139,(anonymous_1)
FN:141,(anonymous_2)
FN:145,(anonymous_3)
FN:148,(anonymous_4)
FN:156,(anonymous_5)
FN:160,(anonymous_6)
FN:175,(anonymous_7)
FN:177,(anonymous_8)
FN:197,(anonymous_9)
FN:204,(anonymous_10)
FN:226,(anonymous_11)
FN:233,(anonymous_12)
FN:260,(anonymous_13)
FN:281,(anonymous_14)
FN:288,(anonymous_15)
FN:296,(anonymous_16)
FN:304,(anonymous_17)
FNF:18
FNH:0
FNDA:0,CardActionsDrawer
FNDA:0,(anonymous_1)
FNDA:0,(anonymous_2)
FNDA:0,(anonymous_3)
FNDA:0,(anonymous_4)
FNDA:0,(anonymous_5)
FNDA:0,(anonymous_6)
FNDA:0,(anonymous_7)
FNDA:0,(anonymous_8)
FNDA:0,(anonymous_9)
FNDA:0,(anonymous_10)
FNDA:0,(anonymous_11)
FNDA:0,(anonymous_12)
FNDA:0,(anonymous_13)
FNDA:0,(anonymous_14)
FNDA:0,(anonymous_15)
FNDA:0,(anonymous_16)
FNDA:0,(anonymous_17)
DA:21,0
DA:22,0
DA:23,0
DA:24,0
DA:25,0
DA:26,0
DA:27,0
DA:34,0
DA:93,0
DA:102,0
DA:131,0
DA:132,0
DA:133,0
DA:134,0
DA:135,0
DA:136,0
DA:137,0
DA:139,0
DA:141,0
DA:142,0
DA:143,0
DA:145,0
DA:148,0
DA:149,0
DA:150,0
DA:152,0
DA:156,0
DA:157,0
DA:160,0
DA:161,0
DA:162,0
DA:165,0
DA:175,0
DA:178,0
DA:198,0
DA:199,0
DA:205,0
DA:206,0
DA:227,0
DA:228,0
DA:234,0
DA:235,0
DA:236,0
DA:238,0
DA:239,0
DA:241,0
DA:242,0
DA:244,0
DA:245,0
DA:261,0
DA:262,0
DA:263,0
DA:281,0
DA:289,0
DA:297,0
DA:305,0
DA:315,0
LF:57
LH:0
BRDA:142,0,0,0
BRDA:142,0,1,0
BRDA:145,1,0,0
BRDA:145,1,1,0
BRDA:149,2,0,0
BRDA:149,2,1,0
BRDA:202,3,0,0
BRDA:202,3,1,0
BRDA:218,4,0,0
BRDA:218,4,1,0
BRDA:235,5,0,0
BRDA:235,5,1,0
BRDA:238,6,0,0
BRDA:238,6,1,0
BRDA:241,7,0,0
BRDA:241,7,1,0
BRDA:244,8,0,0
BRDA:244,8,1,0
BRDA:252,9,0,0
BRDA:252,9,1,0
BRF:20
BRH:0
end_of_record
TN:
SF:components/cards/card-item.tsx
FN:12,CardItem
FN:16,(anonymous_1)
FNF:2
FNH:2
FNDA:75,CardItem
FNDA:9,(anonymous_1)
DA:13,75
DA:17,9
DA:18,9
DA:36,2
LF:4
LH:4
BRF:0
BRH:0
end_of_record
TN:
SF:components/cards/card-list.tsx
FN:12,CardList
FN:19,(anonymous_1)
FNF:2
FNH:2
FNDA:21,CardList
FNDA:65,(anonymous_1)
DA:13,21
DA:20,65
DA:29,1
LF:3
LH:3
BRF:0
BRH:0
end_of_record
TN:
SF:components/cards/card-stack.tsx
FN:55,CardStack
FN:72,(anonymous_1)
FN:80,(anonymous_2)
FN:85,(anonymous_3)
FN:114,(anonymous_4)
FN:115,(anonymous_5)
FN:124,(anonymous_6)
FN:129,(anonymous_7)
FN:144,(anonymous_8)
FN:159,(anonymous_9)
FN:177,(anonymous_10)
FN:192,(anonymous_11)
FNF:12
FNH:0
FNDA:0,CardStack
FNDA:0,(anonymous_1)
FNDA:0,(anonymous_2)
FNDA:0,(anonymous_3)
FNDA:0,(anonymous_4)
FNDA:0,(anonymous_5)
FNDA:0,(anonymous_6)
FNDA:0,(anonymous_7)
FNDA:0,(anonymous_8)
FNDA:0,(anonymous_9)
FNDA:0,(anonymous_10)
FNDA:0,(anonymous_11)
DA:17,0
DA:20,0
DA:29,0
DA:34,0
DA:39,0
DA:44,0
DA:45,0
DA:62,0
DA:63,0
DA:64,0
DA:65,0
DA:66,0
DA:67,0
DA:68,0
DA:69,0
DA:72,0
DA:73,0
DA:80,0
DA:81,0
DA:82,0
DA:85,0
DA:86,0
DA:87,0
DA:90,0
DA:91,0
DA:92,0
DA:93,0
DA:94,0
DA:95,0
DA:96,0
DA:113,0
DA:114,0
DA:116,0
DA:117,0
DA:122,0
DA:125,0
DA:126,0
DA:130,0
DA:131,0
DA:133,0
DA:134,0
DA:135,0
DA:139,0
DA:141,0
DA:145,0
DA:146,0
DA:149,0
DA:152,0
DA:153,0
DA:155,0
DA:156,0
DA:158,0
DA:159,0
DA:160,0
DA:161,0
DA:162,0
DA:163,0
DA:165,0
DA:167,0
DA:168,0
DA:170,0
DA:171,0
DA:173,0
DA:174,0
DA:175,0
DA:177,0
DA:178,0
DA:179,0
DA:181,0
DA:185,0
DA:186,0
DA:191,0
DA:193,0
DA:210,0
DA:220,0
LF:75
LH:0
BRDA:59,0,0,0
BRDA:60,1,0,0
BRDA:73,2,0,0
BRDA:73,2,1,0
BRDA:81,3,0,0
BRDA:81,3,1,0
BRDA:86,4,0,0
BRDA:86,4,1,0
BRDA:116,5,0,0
BRDA:116,5,1,0
BRDA:116,6,0,0
BRDA:116,6,1,0
BRDA:116,6,2,0
BRDA:125,7,0,0
BRDA:125,7,1,0
BRDA:130,8,0,0
BRDA:130,8,1,0
BRDA:134,9,0,0
BRDA:134,9,1,0
BRDA:145,10,0,0
BRDA:145,10,1,0
BRDA:149,11,0,0
BRDA:149,11,1,0
BRDA:152,12,0,0
BRDA:152,12,1,0
BRDA:153,13,0,0
BRDA:153,13,1,0
BRDA:155,14,0,0
BRDA:155,14,1,0
BRDA:155,15,0,0
BRDA:155,15,1,0
BRDA:155,15,2,0
BRDA:160,16,0,0
BRDA:160,16,1,0
BRDA:167,17,0,0
BRDA:167,17,1,0
BRDA:167,18,0,0
BRDA:167,18,1,0
BRDA:167,18,2,0
BRDA:178,19,0,0
BRDA:178,19,1,0
BRF:41
BRH:0
end_of_record
TN:
SF:components/cards/cards-header.tsx
FN:19,CardsHeader
FN:37,(anonymous_1)
FN:61,(anonymous_2)
FN:76,(anonymous_3)
FN:91,(anonymous_4)
FNF:5
FNH:0
FNDA:0,CardsHeader
FNDA:0,(anonymous_1)
FNDA:0,(anonymous_2)
FNDA:0,(anonymous_3)
FNDA:0,(anonymous_4)
DA:26,0
DA:27,0
DA:28,0
DA:29,0
DA:31,0
DA:38,0
DA:39,0
DA:62,0
DA:63,0
DA:77,0
DA:78,0
DA:92,0
DA:93,0
DA:110,0
LF:14
LH:0
BRDA:28,0,0,0
BRDA:28,0,1,0
BRDA:29,1,0,0
BRDA:29,1,1,0
BRF:4
BRH:0
end_of_record
TN:
SF:components/cards/filter-bar.tsx
FN:27,getFilterLabel
FN:47,FilterBar
FN:53,(anonymous_2)
FN:58,(anonymous_3)
FN:89,(anonymous_4)
FN:110,(anonymous_5)
FNF:6
FNH:4
FNDA:41,getFilterLabel
FNDA:41,FilterBar
FNDA:7,(anonymous_2)
FNDA:0,(anonymous_3)
FNDA:1,(anonymous_4)
FNDA:0,(anonymous_5)
DA:18,1
DA:28,41
DA:29,30
DA:31,11
DA:32,6
DA:34,5
DA:35,3
DA:37,2
DA:51,41
DA:53,41
DA:54,7
DA:55,7
DA:58,41
DA:59,0
DA:62,41
DA:64,41
DA:90,1
DA:110,0
DA:116,1
LF:19
LH:17
BRDA:28,0,0,30
BRDA:28,0,1,11
BRDA:28,1,0,41
BRDA:28,1,1,13
BRDA:31,2,0,6
BRDA:31,2,1,5
BRDA:34,3,0,3
BRDA:34,3,1,2
BRDA:48,4,0,21
BRF:9
BRH:9
end_of_record
TN:
SF:components/cards/filter-dropdown.tsx
FN:42,FilterDropdown
FN:49,(anonymous_1)
FN:59,(anonymous_2)
FN:63,(anonymous_3)
FN:93,(anonymous_4)
FN:113,(anonymous_5)
FN:133,(anonymous_6)
FN:139,(anonymous_7)
FNF:8
FNH:7
FNDA:64,FilterDropdown
FNDA:7,(anonymous_1)
FNDA:7,(anonymous_2)
FNDA:3,(anonymous_3)
FNDA:0,(anonymous_4)
FNDA:2,(anonymous_5)
FNDA:135,(anonymous_6)
FNDA:7,(anonymous_7)
DA:27,2
DA:48,64
DA:50,7
DA:52,7
DA:54,1
DA:55,1
DA:59,7
DA:61,6
DA:63,3
DA:65,2
DA:66,1
DA:70,4
DA:73,6
DA:78,64
DA:80,27
DA:93,0
DA:114,2
DA:115,2
DA:134,135
DA:135,135
DA:139,7
DA:172,2
LF:22
LH:21
BRDA:52,0,0,1
BRDA:52,0,1,6
BRDA:61,1,0,2
BRDA:61,1,1,4
BRDA:65,2,0,1
BRDA:65,2,1,1
BRDA:78,3,0,37
BRDA:78,3,1,27
BRDA:98,4,0,0
BRDA:98,4,1,27
BRDA:148,5,0,135
BRDA:148,5,1,33
BRDA:151,6,0,135
BRDA:151,6,1,33
BRF:14
BRH:13
end_of_record
TN:
SF:components/cards/floating-bottom-bar.tsx
FN:16,FloatingBottomBar
FN:27,(anonymous_1)
FN:40,(anonymous_2)
FN:52,(anonymous_3)
FNF:4
FNH:0
FNDA:0,FloatingBottomBar
FNDA:0,(anonymous_1)
FNDA:0,(anonymous_2)
FNDA:0,(anonymous_3)
DA:21,0
DA:23,0
DA:28,0
DA:29,0
DA:41,0
DA:42,0
DA:53,0
DA:54,0
DA:64,0
LF:9
LH:0
BRF:0
BRH:0
end_of_record
TN:
SF:components/cards/greeting-bar.tsx
FN:12,GreetingBar
FNF:1
FNH:1
FNDA:11,GreetingBar
DA:13,11
DA:23,1
LF:2
LH:2
BRF:0
BRH:0
end_of_record
TN:
SF:components/pwa/pwa-webview-modal.tsx
FN:39,PWAWebViewModal
FN:53,(anonymous_1)
FN:58,(anonymous_2)
FN:72,(anonymous_3)
FN:78,(anonymous_4)
FN:83,(anonymous_5)
FN:143,(anonymous_6)
FN:157,(anonymous_7)
FN:164,(anonymous_8)
FN:181,(anonymous_9)
FN:184,(anonymous_10)
FN:187,(anonymous_11)
FN:218,(anonymous_12)
FNF:13
FNH:0
FNDA:0,PWAWebViewModal
FNDA:0,(anonymous_1)
FNDA:0,(anonymous_2)
FNDA:0,(anonymous_3)
FNDA:0,(anonymous_4)
FNDA:0,(anonymous_5)
FNDA:0,(anonymous_6)
FNDA:0,(anonymous_7)
FNDA:0,(anonymous_8)
FNDA:0,(anonymous_9)
FNDA:0,(anonymous_10)
FNDA:0,(anonymous_11)
FNDA:0,(anonymous_12)
DA:40,0
DA:41,0
DA:42,0
DA:43,0
DA:44,0
DA:46,0
DA:53,0
DA:54,0
DA:55,0
DA:58,0
DA:59,0
DA:61,0
DA:62,0
DA:66,0
DA:69,0
DA:72,0
DA:78,0
DA:79,0
DA:82,0
DA:84,0
DA:85,0
DA:87,0
DA:89,0
DA:91,0
DA:92,0
DA:93,0
DA:96,0
DA:97,0
DA:106,0
DA:108,0
DA:111,0
DA:115,0
DA:118,0
DA:122,0
DA:125,0
DA:129,0
DA:132,0
DA:133,0
DA:143,0
DA:144,0
DA:146,0
DA:147,0
DA:151,0
DA:157,0
DA:158,0
DA:159,0
DA:160,0
DA:161,0
DA:164,0
DA:165,0
DA:166,0
DA:169,0
DA:218,0
DA:251,0
LF:54
LH:0
BRDA:54,0,0,0
BRDA:54,0,1,0
BRDA:54,1,0,0
BRDA:54,1,1,0
BRDA:59,2,0,0
BRDA:59,2,1,0
BRDA:59,3,0,0
BRDA:59,3,1,0
BRDA:85,4,0,0
BRDA:85,4,1,0
BRDA:89,5,0,0
BRDA:89,5,1,0
BRDA:89,5,2,0
BRDA:89,5,3,0
BRDA:89,5,4,0
BRDA:89,5,5,0
BRDA:96,6,0,0
BRDA:96,6,1,0
BRDA:106,7,0,0
BRDA:106,7,1,0
BRDA:120,8,0,0
BRDA:120,8,1,0
BRDA:132,9,0,0
BRDA:132,9,1,0
BRDA:144,10,0,0
BRDA:144,10,1,0
BRDA:144,11,0,0
BRDA:144,11,1,0
BRDA:195,12,0,0
BRDA:195,12,1,0
BRDA:238,13,0,0
BRDA:238,13,1,0
BRDA:238,13,2,0
BRF:33
BRH:0
end_of_record
TN:
SF:components/ui/animated-toggle.tsx
FN:28,AnimatedToggle
FN:32,(anonymous_1)
FN:39,(anonymous_2)
FN:47,(anonymous_3)
FN:55,(anonymous_4)
FN:61,(anonymous_5)
FNF:6
FNH:6
FNDA:41,AnimatedToggle
FNDA:2,(anonymous_1)
FNDA:41,(anonymous_2)
FNDA:41,(anonymous_3)
FNDA:82,(anonymous_4)
FNDA:11,(anonymous_5)
DA:20,2
DA:25,2
DA:26,2
DA:29,41
DA:30,41
DA:32,41
DA:33,2
DA:37,41
DA:39,41
DA:40,41
DA:41,41
DA:47,41
DA:52,41
DA:56,82
DA:57,82
DA:62,11
DA:63,11
DA:79,2
LF:18
LH:18
BRDA:37,0,0,1
BRDA:37,0,1,40
BRDA:40,1,0,33
BRDA:40,1,1,8
BRDA:69,2,0,82
BRDA:69,2,1,41
BRF:6
BRH:6
end_of_record
TN:
SF:components/ui/collapsible.tsx
FN:10,Collapsible
FN:18,(anonymous_1)
FN:18,(anonymous_2)
FNF:3
FNH:0
FNDA:0,Collapsible
FNDA:0,(anonymous_1)
FNDA:0,(anonymous_2)
DA:11,0
DA:12,0
DA:14,0
DA:18,0
DA:35,0
LF:5
LH:0
BRDA:12,0,0,0
BRDA:12,0,1,0
BRDA:24,1,0,0
BRDA:24,1,1,0
BRDA:25,2,0,0
BRDA:25,2,1,0
BRDA:30,3,0,0
BRDA:30,3,1,0
BRF:8
BRH:0
end_of_record
TN:
SF:components/ui/error-boundary.tsx
FN:21,(anonymous_0)
FN:26,(anonymous_1)
FN:30,(anonymous_2)
FN:37,(anonymous_3)
FN:41,(anonymous_4)
FNF:5
FNH:0
FNDA:0,(anonymous_0)
FNDA:0,(anonymous_1)
FNDA:0,(anonymous_2)
FNDA:0,(anonymous_3)
FNDA:0,(anonymous_4)
DA:22,0
DA:23,0
DA:27,0
DA:32,0
DA:33,0
DA:37,0
DA:38,0
DA:42,0
DA:43,0
DA:44,0
DA:47,0
DA:71,0
DA:75,0
LF:13
LH:0
BRDA:32,0,0,0
BRDA:32,0,1,0
BRDA:42,1,0,0
BRDA:42,1,1,0
BRDA:43,2,0,0
BRDA:43,2,1,0
BRDA:54,3,0,0
BRDA:54,3,1,0
BRDA:54,3,2,0
BRF:9
BRH:0
end_of_record
TN:
SF:components/ui/icon-symbol.ios.tsx
FN:4,IconSymbol
FNF:1
FNH:0
FNDA:0,IconSymbol
DA:17,0
LF:1
LH:0
BRDA:6,0,0,0
BRDA:9,1,0,0
BRF:2
BRH:0
end_of_record
TN:
SF:components/ui/icon-symbol.tsx
FN:45,IconSymbol
FNF:1
FNH:0
FNDA:0,IconSymbol
DA:16,0
DA:57,0
LF:2
LH:0
BRDA:47,0,0,0
BRF:1
BRH:0
end_of_record
TN:
SF:components/ui/loading-screen.tsx
FN:13,LoadingScreen
FNF:1
FNH:0
FNDA:0,LoadingScreen
DA:14,0
DA:28,0
LF:2
LH:0
BRDA:18,0,0,0
BRDA:18,0,1,0
BRF:2
BRH:0
end_of_record
TN:
SF:components/ui/sheet-container.tsx
FN:15,SheetContainer
FNF:1
FNH:0
FNDA:0,SheetContainer
DA:16,0
DA:19,0
LF:2
LH:0
BRF:0
BRH:0
end_of_record
TN:
SF:constants/cards.ts
FN:39,(anonymous_0)
FNF:1
FNH:1
FNDA:30,(anonymous_0)
DA:8,2
DA:30,2
DA:31,2
DA:39,2
DA:40,30
DA:41,30
DA:42,30
LF:7
LH:7
BRF:0
BRH:0
end_of_record
TN:
SF:constants/colors.ts
FNF:0
FNH:0
DA:6,5
LF:1
LH:1
BRF:0
BRH:0
end_of_record
TN:
SF:constants/fonts.ts
FNF:0
FNH:0
DA:1,0
LF:1
LH:0
BRF:0
BRH:0
end_of_record
TN:
SF:constants/theme.ts
FNF:0
FNH:0
DA:8,3
DA:9,3
DA:11,3
DA:30,3
LF:4
LH:4
BRF:0
BRH:0
end_of_record
TN:
SF:hooks/use-color-scheme.ts
FNF:0
FNH:0
LF:0
LH:0
BRF:0
BRH:0
end_of_record
TN:
SF:hooks/use-color-scheme.web.ts
FN:7,useColorScheme
FN:10,(anonymous_1)
FNF:2
FNH:0
FNDA:0,useColorScheme
FNDA:0,(anonymous_1)
DA:8,0
DA:10,0
DA:11,0
DA:14,0
DA:16,0
DA:17,0
DA:20,0
LF:7
LH:0
BRDA:16,0,0,0
BRDA:16,0,1,0
BRF:2
BRH:0
end_of_record
TN:
SF:hooks/use-theme-color.ts
FN:9,useThemeColor
FNF:1
FNH:1
FNDA:19,useThemeColor
DA:13,19
DA:14,19
DA:16,19
DA:17,5
DA:19,14
LF:5
LH:5
BRDA:13,0,0,19
BRDA:13,0,1,1
BRDA:16,1,0,5
BRDA:16,1,1,14
BRF:4
BRH:4
end_of_record
